
pluse_out_sample.elf:     file format elf32-m32c

Sections:
Idx Name          Size      VMA       LMA       File off  Algn
  0 .text         000015e4  00008000  00008000  00000100  2**0
                  CONTENTS, ALLOC, LOAD, READONLY, CODE
  1 .rodata       0000026e  000095e4  000095e4  000016e4  2**1
                  CONTENTS, ALLOC, LOAD, READONLY, CODE
  2 .data         00000082  00000300  00009852  00001a00  2**1
                  CONTENTS, ALLOC, LOAD, DATA
  3 .bss          00000098  00000382  000098d4  00001a82  2**0
                  ALLOC
  4 .vvec         00000080  0000fed8  0000fed8  00001ad8  2**0
                  CONTENTS, ALLOC, LOAD, DATA
  5 .fvec         00000028  0000ffd8  0000ffd8  00001bd8  2**0
                  CONTENTS, ALLOC, LOAD, DATA
  6 .comment      00000011  00000000  00000000  00001c00  2**0
                  CONTENTS, READONLY
  7 .debug_aranges 000000c8  00000000  00000000  00001c18  2**3
                  CONTENTS, READONLY, DEBUGGING
  8 .debug_info   00002355  00000000  00000000  00001ce0  2**0
                  CONTENTS, READONLY, DEBUGGING
  9 .debug_abbrev 00000707  00000000  00000000  00004035  2**0
                  CONTENTS, READONLY, DEBUGGING
 10 .debug_line   00000752  00000000  00000000  0000473c  2**0
                  CONTENTS, READONLY, DEBUGGING
 11 .debug_frame  0000016c  00000000  00000000  00004e90  2**2
                  CONTENTS, READONLY, DEBUGGING
 12 .debug_str    00000833  00000000  00000000  00004ffc  2**0
                  CONTENTS, READONLY, DEBUGGING
 13 .debug_loc    00000a77  00000000  00000000  0000582f  2**0
                  CONTENTS, READONLY, DEBUGGING
 14 .debug_ranges 00000148  00000000  00000000  000062a6  2**0
                  CONTENTS, READONLY, DEBUGGING

Disassembly of section .text:

00008000 <_reset_start>:
    8000:	eb 40 00 08 	ldc #2048,isp
    8004:	eb 74       	fset u
    8006:	eb 50 c0 07 	ldc #1984,sp
    800a:	eb 10 d8 fe 	ldc #-296,intbl
    800e:	7d a0       	ldipl #0
    8010:	04          	nop
    8011:	04          	nop
    8012:	eb 64       	fset i
    8014:	fc 6f 85 00 	jmp.a 856f <__init>

00008018 <_exit>:
    8018:	f4 ff ff fb 	*unknown*

0000801b <_INT3_intr>:
    801b:	fb          	reit

0000801c <_INT2_intr>:
    801c:	ec fc       	pushm r0,r1,r2,r3,a0,a1
    801e:	75 4f 0a 04 	push.w:g 0x40a
    8022:	75 4f 0c 04 	push.w:g 0x40c
    8026:	75 4f 0e 04 	push.w:g 0x40e
    802a:	75 4f 10 04 	push.w:g 0x410
    802e:	75 4f 12 04 	push.w:g 0x412
    8032:	75 4f 14 04 	push.w:g 0x414
    8036:	75 4f 16 04 	push.w:g 0x416
    803a:	75 4f 18 04 	push.w:g 0x418
    803e:	fd 1b 80 00 	jsr.a 801b <_INT3_intr>
    8042:	75 df 18 04 	pop.w:g 0x418
    8046:	75 df 16 04 	pop.w:g 0x416
    804a:	75 df 14 04 	pop.w:g 0x414
    804e:	75 df 12 04 	pop.w:g 0x412
    8052:	75 df 10 04 	pop.w:g 0x410
    8056:	75 df 0e 04 	pop.w:g 0x40e
    805a:	75 df 0c 04 	pop.w:g 0x40c
    805e:	75 df 0a 04 	pop.w:g 0x40a
    8062:	ed 3f fb ec 	*unknown*

00008065 <_INT1_intr>:
    8065:	ec fc       	pushm r0,r1,r2,r3,a0,a1
    8067:	75 4f 0a 04 	push.w:g 0x40a
    806b:	75 4f 0c 04 	push.w:g 0x40c
    806f:	75 4f 0e 04 	push.w:g 0x40e
    8073:	75 4f 10 04 	push.w:g 0x410
    8077:	75 4f 12 04 	push.w:g 0x412
    807b:	75 4f 14 04 	push.w:g 0x414
    807f:	75 4f 16 04 	push.w:g 0x416
    8083:	75 4f 18 04 	push.w:g 0x418
    8087:	fd 1b 80 00 	jsr.a 801b <_INT3_intr>
    808b:	75 df 18 04 	pop.w:g 0x418
    808f:	75 df 16 04 	pop.w:g 0x416
    8093:	75 df 14 04 	pop.w:g 0x414
    8097:	75 df 12 04 	pop.w:g 0x412
    809b:	75 df 10 04 	pop.w:g 0x410
    809f:	75 df 0e 04 	pop.w:g 0x40e
    80a3:	75 df 0c 04 	pop.w:g 0x40c
    80a7:	75 df 0a 04 	pop.w:g 0x40a
    80ab:	ed 3f fb ec 	*unknown*

000080ae <_INT0_intr>:
    80ae:	ec fc       	pushm r0,r1,r2,r3,a0,a1
    80b0:	75 4f 0a 04 	push.w:g 0x40a
    80b4:	75 4f 0c 04 	push.w:g 0x40c
    80b8:	75 4f 0e 04 	push.w:g 0x40e
    80bc:	75 4f 10 04 	push.w:g 0x410
    80c0:	75 4f 12 04 	push.w:g 0x412
    80c4:	75 4f 14 04 	push.w:g 0x414
    80c8:	75 4f 16 04 	push.w:g 0x416
    80cc:	75 4f 18 04 	push.w:g 0x418
    80d0:	fd 1b 80 00 	jsr.a 801b <_INT3_intr>
    80d4:	75 df 18 04 	pop.w:g 0x418
    80d8:	75 df 16 04 	pop.w:g 0x416
    80dc:	75 df 14 04 	pop.w:g 0x414
    80e0:	75 df 12 04 	pop.w:g 0x412
    80e4:	75 df 10 04 	pop.w:g 0x410
    80e8:	75 df 0e 04 	pop.w:g 0x40e
    80ec:	75 df 0c 04 	pop.w:g 0x40c
    80f0:	75 df 0a 04 	pop.w:g 0x40a
    80f4:	ed 3f       	popm r0,r1,r2,r3,a0,a1
    80f6:	fb          	reit
    80f7:	ec fc       	pushm r0,r1,r2,r3,a0,a1
    80f9:	75 4f 0a 04 	push.w:g 0x40a
    80fd:	75 4f 0c 04 	push.w:g 0x40c
    8101:	75 4f 0e 04 	push.w:g 0x40e
    8105:	75 4f 10 04 	push.w:g 0x410
    8109:	75 4f 12 04 	push.w:g 0x412
    810d:	75 4f 14 04 	push.w:g 0x414
    8111:	75 4f 16 04 	push.w:g 0x416
    8115:	75 4f 18 04 	push.w:g 0x418
    8119:	fd 1b 80 00 	jsr.a 801b <_INT3_intr>
    811d:	75 df 18 04 	pop.w:g 0x418
    8121:	75 df 16 04 	pop.w:g 0x416
    8125:	75 df 14 04 	pop.w:g 0x414
    8129:	75 df 12 04 	pop.w:g 0x412
    812d:	75 df 10 04 	pop.w:g 0x410
    8131:	75 df 0e 04 	pop.w:g 0x40e
    8135:	75 df 0c 04 	pop.w:g 0x40c
    8139:	75 df 0a 04 	pop.w:g 0x40a
    813d:	ed 3f       	popm r0,r1,r2,r3,a0,a1
    813f:	fb          	reit
    8140:	ec fc       	pushm r0,r1,r2,r3,a0,a1
    8142:	75 4f 0a 04 	push.w:g 0x40a
    8146:	75 4f 0c 04 	push.w:g 0x40c
    814a:	75 4f 0e 04 	push.w:g 0x40e
    814e:	75 4f 10 04 	push.w:g 0x410
    8152:	75 4f 12 04 	push.w:g 0x412
    8156:	75 4f 14 04 	push.w:g 0x414
    815a:	75 4f 16 04 	push.w:g 0x416
    815e:	75 4f 18 04 	push.w:g 0x418
    8162:	fd 1b 80 00 	jsr.a 801b <_INT3_intr>
    8166:	75 df 18 04 	pop.w:g 0x418
    816a:	75 df 16 04 	pop.w:g 0x416
    816e:	75 df 14 04 	pop.w:g 0x414
    8172:	75 df 12 04 	pop.w:g 0x412
    8176:	75 df 10 04 	pop.w:g 0x410
    817a:	75 df 0e 04 	pop.w:g 0x40e
    817e:	75 df 0c 04 	pop.w:g 0x40c
    8182:	75 df 0a 04 	pop.w:g 0x40a
    8186:	ed 3f fb ec 	*unknown*

00008189 <_ADC_intr>:
    8189:	ec fc       	pushm r0,r1,r2,r3,a0,a1
    818b:	75 4f 0a 04 	push.w:g 0x40a
    818f:	75 4f 0c 04 	push.w:g 0x40c
    8193:	75 4f 0e 04 	push.w:g 0x40e
    8197:	75 4f 10 04 	push.w:g 0x410
    819b:	75 4f 12 04 	push.w:g 0x412
    819f:	75 4f 14 04 	push.w:g 0x414
    81a3:	75 4f 16 04 	push.w:g 0x416
    81a7:	75 4f 18 04 	push.w:g 0x418
    81ab:	fd 1b 80 00 	jsr.a 801b <_INT3_intr>
    81af:	75 df 18 04 	pop.w:g 0x418
    81b3:	75 df 16 04 	pop.w:g 0x416
    81b7:	75 df 14 04 	pop.w:g 0x414
    81bb:	75 df 12 04 	pop.w:g 0x412
    81bf:	75 df 10 04 	pop.w:g 0x410
    81c3:	75 df 0e 04 	pop.w:g 0x40e
    81c7:	75 df 0c 04 	pop.w:g 0x40c
    81cb:	75 df 0a 04 	pop.w:g 0x40a
    81cf:	ed 3f       	popm r0,r1,r2,r3,a0,a1
    81d1:	fb          	reit
    81d2:	ec fc       	pushm r0,r1,r2,r3,a0,a1
    81d4:	75 4f 0a 04 	push.w:g 0x40a
    81d8:	75 4f 0c 04 	push.w:g 0x40c
    81dc:	75 4f 0e 04 	push.w:g 0x40e
    81e0:	75 4f 10 04 	push.w:g 0x410
    81e4:	75 4f 12 04 	push.w:g 0x412
    81e8:	75 4f 14 04 	push.w:g 0x414
    81ec:	75 4f 16 04 	push.w:g 0x416
    81f0:	75 4f 18 04 	push.w:g 0x418
    81f4:	fd 1b 80 00 	jsr.a 801b <_INT3_intr>
    81f8:	75 df 18 04 	pop.w:g 0x418
    81fc:	75 df 16 04 	pop.w:g 0x416
    8200:	75 df 14 04 	pop.w:g 0x414
    8204:	75 df 12 04 	pop.w:g 0x412
    8208:	75 df 10 04 	pop.w:g 0x410
    820c:	75 df 0e 04 	pop.w:g 0x40e
    8210:	75 df 0c 04 	pop.w:g 0x40c
    8214:	75 df 0a 04 	pop.w:g 0x40a
    8218:	ed 3f fb ec 	*unknown*

0000821b <_TIMER_RC_intr>:
    821b:	ec fc       	pushm r0,r1,r2,r3,a0,a1
    821d:	75 4f 0a 04 	push.w:g 0x40a
    8221:	75 4f 0c 04 	push.w:g 0x40c
    8225:	75 4f 0e 04 	push.w:g 0x40e
    8229:	75 4f 10 04 	push.w:g 0x410
    822d:	75 4f 12 04 	push.w:g 0x412
    8231:	75 4f 14 04 	push.w:g 0x414
    8235:	75 4f 16 04 	push.w:g 0x416
    8239:	75 4f 18 04 	push.w:g 0x418
    823d:	fd 1b 80 00 	jsr.a 801b <_INT3_intr>
    8241:	75 df 18 04 	pop.w:g 0x418
    8245:	75 df 16 04 	pop.w:g 0x416
    8249:	75 df 14 04 	pop.w:g 0x414
    824d:	75 df 12 04 	pop.w:g 0x412
    8251:	75 df 10 04 	pop.w:g 0x410
    8255:	75 df 0e 04 	pop.w:g 0x40e
    8259:	75 df 0c 04 	pop.w:g 0x40c
    825d:	75 df 0a 04 	pop.w:g 0x40a
    8261:	ed 3f       	popm r0,r1,r2,r3,a0,a1
    8263:	fb          	reit
    8264:	ec fc       	pushm r0,r1,r2,r3,a0,a1
    8266:	75 4f 0a 04 	push.w:g 0x40a
    826a:	75 4f 0c 04 	push.w:g 0x40c
    826e:	75 4f 0e 04 	push.w:g 0x40e
    8272:	75 4f 10 04 	push.w:g 0x410
    8276:	75 4f 12 04 	push.w:g 0x412
    827a:	75 4f 14 04 	push.w:g 0x414
    827e:	75 4f 16 04 	push.w:g 0x416
    8282:	75 4f 18 04 	push.w:g 0x418
    8286:	fd 1b 80 00 	jsr.a 801b <_INT3_intr>
    828a:	75 df 18 04 	pop.w:g 0x418
    828e:	75 df 16 04 	pop.w:g 0x416
    8292:	75 df 14 04 	pop.w:g 0x414
    8296:	75 df 12 04 	pop.w:g 0x412
    829a:	75 df 10 04 	pop.w:g 0x410
    829e:	75 df 0e 04 	pop.w:g 0x40e
    82a2:	75 df 0c 04 	pop.w:g 0x40c
    82a6:	75 df 0a 04 	pop.w:g 0x40a
    82aa:	ed 3f fb ec 	*unknown*

000082ad <_COMP_B3_intr>:
    82ad:	ec fc       	pushm r0,r1,r2,r3,a0,a1
    82af:	75 4f 0a 04 	push.w:g 0x40a
    82b3:	75 4f 0c 04 	push.w:g 0x40c
    82b7:	75 4f 0e 04 	push.w:g 0x40e
    82bb:	75 4f 10 04 	push.w:g 0x410
    82bf:	75 4f 12 04 	push.w:g 0x412
    82c3:	75 4f 14 04 	push.w:g 0x414
    82c7:	75 4f 16 04 	push.w:g 0x416
    82cb:	75 4f 18 04 	push.w:g 0x418
    82cf:	fd 1b 80 00 	jsr.a 801b <_INT3_intr>
    82d3:	75 df 18 04 	pop.w:g 0x418
    82d7:	75 df 16 04 	pop.w:g 0x416
    82db:	75 df 14 04 	pop.w:g 0x414
    82df:	75 df 12 04 	pop.w:g 0x412
    82e3:	75 df 10 04 	pop.w:g 0x410
    82e7:	75 df 0e 04 	pop.w:g 0x40e
    82eb:	75 df 0c 04 	pop.w:g 0x40c
    82ef:	75 df 0a 04 	pop.w:g 0x40a
    82f3:	ed 3f fb ec 	*unknown*

000082f6 <_COMP_B1_intr>:
    82f6:	ec fc       	pushm r0,r1,r2,r3,a0,a1
    82f8:	75 4f 0a 04 	push.w:g 0x40a
    82fc:	75 4f 0c 04 	push.w:g 0x40c
    8300:	75 4f 0e 04 	push.w:g 0x40e
    8304:	75 4f 10 04 	push.w:g 0x410
    8308:	75 4f 12 04 	push.w:g 0x412
    830c:	75 4f 14 04 	push.w:g 0x414
    8310:	75 4f 16 04 	push.w:g 0x416
    8314:	75 4f 18 04 	push.w:g 0x418
    8318:	fd 1b 80 00 	jsr.a 801b <_INT3_intr>
    831c:	75 df 18 04 	pop.w:g 0x418
    8320:	75 df 16 04 	pop.w:g 0x416
    8324:	75 df 14 04 	pop.w:g 0x414
    8328:	75 df 12 04 	pop.w:g 0x412
    832c:	75 df 10 04 	pop.w:g 0x410
    8330:	75 df 0e 04 	pop.w:g 0x40e
    8334:	75 df 0c 04 	pop.w:g 0x40c
    8338:	75 df 0a 04 	pop.w:g 0x40a
    833c:	ed 3f fb ec 	*unknown*

0000833f <_FLASH_READY_intr>:
    833f:	ec fc       	pushm r0,r1,r2,r3,a0,a1
    8341:	75 4f 0a 04 	push.w:g 0x40a
    8345:	75 4f 0c 04 	push.w:g 0x40c
    8349:	75 4f 0e 04 	push.w:g 0x40e
    834d:	75 4f 10 04 	push.w:g 0x410
    8351:	75 4f 12 04 	push.w:g 0x412
    8355:	75 4f 14 04 	push.w:g 0x414
    8359:	75 4f 16 04 	push.w:g 0x416
    835d:	75 4f 18 04 	push.w:g 0x418
    8361:	fd 1b 80 00 	jsr.a 801b <_INT3_intr>
    8365:	75 df 18 04 	pop.w:g 0x418
    8369:	75 df 16 04 	pop.w:g 0x416
    836d:	75 df 14 04 	pop.w:g 0x414
    8371:	75 df 12 04 	pop.w:g 0x412
    8375:	75 df 10 04 	pop.w:g 0x410
    8379:	75 df 0e 04 	pop.w:g 0x40e
    837d:	75 df 0c 04 	pop.w:g 0x40c
    8381:	75 df 0a 04 	pop.w:g 0x40a
    8385:	ed 3f fb ec 	*unknown*

00008388 <_null_intr>:
    8388:	ec fc       	pushm r0,r1,r2,r3,a0,a1
    838a:	75 4f 0a 04 	push.w:g 0x40a
    838e:	75 4f 0c 04 	push.w:g 0x40c
    8392:	75 4f 0e 04 	push.w:g 0x40e
    8396:	75 4f 10 04 	push.w:g 0x410
    839a:	75 4f 12 04 	push.w:g 0x412
    839e:	75 4f 14 04 	push.w:g 0x414
    83a2:	75 4f 16 04 	push.w:g 0x416
    83a6:	75 4f 18 04 	push.w:g 0x418
    83aa:	fd 1b 80 00 	jsr.a 801b <_INT3_intr>
    83ae:	75 df 18 04 	pop.w:g 0x418
    83b2:	75 df 16 04 	pop.w:g 0x416
    83b6:	75 df 14 04 	pop.w:g 0x414
    83ba:	75 df 12 04 	pop.w:g 0x412
    83be:	75 df 10 04 	pop.w:g 0x410
    83c2:	75 df 0e 04 	pop.w:g 0x40e
    83c6:	75 df 0c 04 	pop.w:g 0x40c
    83ca:	75 df 0a 04 	pop.w:g 0x40a
    83ce:	ed 3f fb ec 	*unknown*

000083d1 <_brk_inst>:
    83d1:	ec fc       	pushm r0,r1,r2,r3,a0,a1
    83d3:	75 4f 0a 04 	push.w:g 0x40a
    83d7:	75 4f 0c 04 	push.w:g 0x40c
    83db:	75 4f 0e 04 	push.w:g 0x40e
    83df:	75 4f 10 04 	push.w:g 0x410
    83e3:	75 4f 12 04 	push.w:g 0x412
    83e7:	75 4f 14 04 	push.w:g 0x414
    83eb:	75 4f 16 04 	push.w:g 0x416
    83ef:	75 4f 18 04 	push.w:g 0x418
    83f3:	fd 1b 80 00 	jsr.a 801b <_INT3_intr>
    83f7:	75 df 18 04 	pop.w:g 0x418
    83fb:	75 df 16 04 	pop.w:g 0x416
    83ff:	75 df 14 04 	pop.w:g 0x414
    8403:	75 df 12 04 	pop.w:g 0x412
    8407:	75 df 10 04 	pop.w:g 0x410
    840b:	75 df 0e 04 	pop.w:g 0x40e
    840f:	75 df 0c 04 	pop.w:g 0x40c
    8413:	75 df 0a 04 	pop.w:g 0x40a
    8417:	ed 3f fb ec 	*unknown*

0000841a <_undef_inst>:
    841a:	ec fc       	pushm r0,r1,r2,r3,a0,a1
    841c:	75 4f 0a 04 	push.w:g 0x40a
    8420:	75 4f 0c 04 	push.w:g 0x40c
    8424:	75 4f 0e 04 	push.w:g 0x40e
    8428:	75 4f 10 04 	push.w:g 0x410
    842c:	75 4f 12 04 	push.w:g 0x412
    8430:	75 4f 14 04 	push.w:g 0x414
    8434:	75 4f 16 04 	push.w:g 0x416
    8438:	75 4f 18 04 	push.w:g 0x418
    843c:	fd 1b 80 00 	jsr.a 801b <_INT3_intr>
    8440:	75 df 18 04 	pop.w:g 0x418
    8444:	75 df 16 04 	pop.w:g 0x416
    8448:	75 df 14 04 	pop.w:g 0x414
    844c:	75 df 12 04 	pop.w:g 0x412
    8450:	75 df 10 04 	pop.w:g 0x410
    8454:	75 df 0e 04 	pop.w:g 0x40e
    8458:	75 df 0c 04 	pop.w:g 0x40c
    845c:	75 df 0a 04 	pop.w:g 0x40a
    8460:	ed 3f fb eb 	*unknown*

00008463 <_di>:
    8463:	eb 65       	fclr i
    8465:	04          	nop
    8466:	04          	nop
    8467:	f3          	rts

00008468 <_ei>:
    8468:	eb 64       	fset i
    846a:	04          	nop
    846b:	04          	nop
    846c:	f3          	rts

0000846d <_open>:
    846d:	d1 01       	cmp.w:q #0,r1
    846f:	6e 0b       	jne 847b <_open+0xe>
    8471:	fd a6 95 00 	jsr.a 95a6 <___errno>
    8475:	73 04       	mov.w:g r0,a0
    8477:	75 c6 0e 00 	mov.w:g #14,[a0]
    847b:	d9 f0 f3 7c 	*unknown*

0000847e <_read>:
    847e:	7c f2 04    	enter #0x4
    8481:	d1 01       	cmp.w:q #0,r1
    8483:	6e 34       	jne 84b8 <_read+0x3a>
    8485:	73 21       	mov.w:g r2,r1
    8487:	73 10       	mov.w:g r1,r0
    8489:	a9 20       	sub.w:g r2,r0
    848b:	c1 0b 05    	cmp.w:g r0,5[fb]
    848e:	7d cc 0e    	jgt 849e <_read+0x20>
    8491:	fd a6 95 00 	jsr.a 95a6 <___errno>
    8495:	73 04       	mov.w:g r0,a0
    8497:	d9 06       	mov.w:q #0,[a0]
    8499:	73 b0 05    	mov.w:g 5[fb],r0
    849c:	7d f2       	exitd
    849e:	73 2b fc    	mov.w:g r2,-4[fb]
    84a1:	73 1b fe    	mov.w:g r1,-2[fb]
    84a4:	fd ae 88 00 	jsr.a 88ae <_sci_getch>
    84a8:	73 b1 fe    	mov.w:g -2[fb],r1
    84ab:	73 14       	mov.w:g r1,a0
    84ad:	72 06       	mov.b:g r0l,[a0]
    84af:	c9 11       	add.w:q #1,r1
    84b1:	73 b2 fc    	mov.w:g -4[fb],r2
    84b4:	fc 87 84 00 	jmp.a 8487 <_read+0x9>
    84b8:	d9 0b 05    	mov.w:q #0,5[fb]
    84bb:	fc 99 84 00 	jmp.a 8499 <_read+0x1b>

000084bf <_write>:
    84bf:	7c f2 04    	enter #0x4
    84c2:	77 51 01 00 	sub.w:g #1,r1
    84c6:	d1 11       	cmp.w:q #1,r1
    84c8:	69 34       	jgtu 84fd <_write+0x3e>
    84ca:	73 20       	mov.w:g r2,r0
    84cc:	73 01       	mov.w:g r0,r1
    84ce:	a9 21       	sub.w:g r2,r1
    84d0:	c1 1b 05    	cmp.w:g r1,5[fb]
    84d3:	7d cc 0e    	jgt 84e3 <_write+0x24>
    84d6:	fd a6 95 00 	jsr.a 95a6 <___errno>
    84da:	73 04       	mov.w:g r0,a0
    84dc:	d9 06       	mov.w:q #0,[a0]
    84de:	73 b0 05    	mov.w:g 5[fb],r0
    84e1:	7d f2       	exitd
    84e3:	73 04       	mov.w:g r0,a0
    84e5:	72 62       	mov.b:g [a0],r1l
    84e7:	73 0b fe    	mov.w:g r0,-2[fb]
    84ea:	73 2b fc    	mov.w:g r2,-4[fb]
    84ed:	fd ce 87 00 	jsr.a 87ce <_sci_putch>
    84f1:	73 b0 fe    	mov.w:g -2[fb],r0
    84f4:	c9 10       	add.w:q #1,r0
    84f6:	73 b2 fc    	mov.w:g -4[fb],r2
    84f9:	fc cc 84 00 	jmp.a 84cc <_write+0xd>
    84fd:	d9 fb 05    	mov.w:q #-1,5[fb]
    8500:	fc de 84 00 	jmp.a 84de <_write+0x1f>

00008504 <_lseek>:
    8504:	d1 21       	cmp.w:q #2,r1
    8506:	69 0c       	jgtu 8513 <_lseek+0xf>
    8508:	fd a6 95 00 	jsr.a 95a6 <___errno>
    850c:	73 04       	mov.w:g r0,a0
    850e:	d9 06       	mov.w:q #0,[a0]
    8510:	d9 00       	mov.w:q #0,r0
    8512:	f3          	rts
    8513:	d9 f0       	mov.w:q #-1,r0
    8515:	fc 12 85 00 	jmp.a 8512 <_lseek+0xe>

00008519 <_link>:
    8519:	d9 f0 f3 fd 	*unknown*

0000851c <_unlink>:
    851c:	fd a6 95 00 	jsr.a 95a6 <___errno>
    8520:	73 04       	mov.w:g r0,a0
    8522:	d9 56       	mov.w:q #5,[a0]
    8524:	d9 f0 f3 d1 	*unknown*

00008527 <_fstat>:
    8527:	d1 21       	cmp.w:q #2,r1
    8529:	69 0c       	jgtu 8536 <_fstat+0xf>
    852b:	fd a6 95 00 	jsr.a 95a6 <___errno>
    852f:	73 04       	mov.w:g r0,a0
    8531:	d9 06       	mov.w:q #0,[a0]
    8533:	d9 00       	mov.w:q #0,r0
    8535:	f3          	rts
    8536:	d9 f0       	mov.w:q #-1,r0
    8538:	fc 35 85 00 	jmp.a 8535 <_fstat+0xe>

0000853c <_close>:
    853c:	fd a6 95 00 	jsr.a 95a6 <___errno>
    8540:	73 04       	mov.w:g r0,a0
    8542:	75 c6 09 00 	mov.w:g #9,[a0]
    8546:	d9 f0 f3 d1 	*unknown*

00008549 <_isatty>:
    8549:	d1 21       	cmp.w:q #2,r1
    854b:	69 0c       	jgtu 8558 <_isatty+0xf>
    854d:	fd a6 95 00 	jsr.a 95a6 <___errno>
    8551:	73 04       	mov.w:g r0,a0
    8553:	d9 06       	mov.w:q #0,[a0]
    8555:	d9 10       	mov.w:q #1,r0
    8557:	f3          	rts
    8558:	fd a6 95 00 	jsr.a 95a6 <___errno>
    855c:	73 04       	mov.w:g r0,a0
    855e:	75 c6 16 00 	mov.w:g #22,[a0]
    8562:	d9 00       	mov.w:q #0,r0
    8564:	fc 57 85 00 	jmp.a 8557 <_isatty+0xe>

00008568 <_kill>:
    8568:	f3          	rts

00008569 <_getpid>:
    8569:	d9 10       	mov.w:q #1,r0
    856b:	f3          	rts
    856c:	04          	nop
    856d:	04          	nop
    856e:	04          	nop

0000856f <__init>:
    856f:	7c f2 02    	enter #0x2
    8572:	75 c5 52 98 	mov.w:g #-26542,a1
    8576:	75 c4 00 03 	mov.w:g #768,a0
    857a:	77 84 82 03 	cmp.w:g #898,a0
    857e:	6c 37       	jltu 85b6 <__init+0x47>
    8580:	75 c4 82 03 	mov.w:g #898,a0
    8584:	77 84 1a 04 	cmp.w:g #1050,a0
    8588:	6c 39       	jltu 85c2 <__init+0x53>
    858a:	75 c0 02 03 	mov.w:g #770,r0
    858e:	77 80 02 03 	cmp.w:g #770,r0
    8592:	6c 37       	jltu 85ca <__init+0x5b>
    8594:	75 c0 00 03 	mov.w:g #768,r0
    8598:	77 80 00 03 	cmp.w:g #768,r0
    859c:	6c 42       	jltu 85df <__init+0x70>
    859e:	75 c0 00 03 	mov.w:g #768,r0
    85a2:	77 80 02 03 	cmp.w:g #770,r0
    85a6:	6c 4d       	jltu 85f4 <__init+0x85>
    85a8:	d9 02       	mov.w:q #0,r2
    85aa:	73 21       	mov.w:g r2,r1
    85ac:	fd d1 89 00 	jsr.a 89d1 <_main>
    85b0:	d9 01       	mov.w:q #0,r1
    85b2:	fd 18 80 00 	jsr.a 8018 <_exit>
    85b6:	73 70       	mov.w:g [a1],r0
    85b8:	73 06       	mov.w:g r0,[a0]
    85ba:	c9 25       	add.w:q #2,a1
    85bc:	c9 24       	add.w:q #2,a0
    85be:	fc 7a 85 00 	jmp.a 857a <__init+0xb>
    85c2:	d9 06       	mov.w:q #0,[a0]
    85c4:	c9 24       	add.w:q #2,a0
    85c6:	fc 84 85 00 	jmp.a 8584 <__init+0x15>
    85ca:	73 05       	mov.w:g r0,a1
    85cc:	73 74       	mov.w:g [a1],a0
    85ce:	73 0b fe    	mov.w:g r0,-2[fb]
    85d1:	c2          	push.w:s a0
    85d2:	fd a5 8e 00 	jsr.a 8ea5 <m32c_jsri16>
    85d6:	73 b0 fe    	mov.w:g -2[fb],r0
    85d9:	c9 20       	add.w:q #2,r0
    85db:	fc 8e 85 00 	jmp.a 858e <__init+0x1f>
    85df:	73 05       	mov.w:g r0,a1
    85e1:	73 74       	mov.w:g [a1],a0
    85e3:	73 0b fe    	mov.w:g r0,-2[fb]
    85e6:	c2          	push.w:s a0
    85e7:	fd a5 8e 00 	jsr.a 8ea5 <m32c_jsri16>
    85eb:	73 b0 fe    	mov.w:g -2[fb],r0
    85ee:	c9 20       	add.w:q #2,r0
    85f0:	fc 98 85 00 	jmp.a 8598 <__init+0x29>
    85f4:	73 05       	mov.w:g r0,a1
    85f6:	73 74       	mov.w:g [a1],a0
    85f8:	73 0b fe    	mov.w:g r0,-2[fb]
    85fb:	c2          	push.w:s a0
    85fc:	fd a5 8e 00 	jsr.a 8ea5 <m32c_jsri16>
    8600:	73 b0 fe    	mov.w:g -2[fb],r0
    8603:	c9 20       	add.w:q #2,r0
    8605:	fc a2 85 00 	jmp.a 85a2 <__init+0x33>
    8609:	04          	nop
    860a:	04          	nop
    860b:	04          	nop
    860c:	04          	nop

0000860d <_TIMER_RB_intr>:
    860d:	ec 88       	pushm r0,a0
    860f:	7c f2 01    	enter #0x1
    8612:	87 01 d5 03 	add.b:s #1,0x3d5
    8616:	75 c4 e7 00 	mov.w:g #231,a0
    861a:	72 60       	mov.b:g [a0],r0l
    861c:	02 ff       	mov.b:s r0l,-1[fb]
    861e:	0a ff       	mov.b:s -1[fb],r0l
    8620:	94 80       	and.b:s #-128,r0l
    8622:	72 06       	mov.b:g r0l,[a0]
    8624:	7b f4       	stc fb,a0
    8626:	7a d4       	ldc a0,sp
    8628:	eb 73       	popc fb
    862a:	ed 11 fb ec 	*unknown*

0000862d <_TIMER_RJ_intr>:
    862d:	ec 88       	pushm r0,a0
    862f:	7c f2 01    	enter #0x1
    8632:	0b d4 03    	mov.b:s 0x3d4,r0l
    8635:	03 dc 00    	mov.b:s r0l,0xdc
    8638:	73 f0 d2 03 	mov.w:g 0x3d2,r0
    863c:	73 0f d8 00 	mov.w:g r0,0xd8
    8640:	75 c4 de 00 	mov.w:g #222,a0
    8644:	72 60       	mov.b:g [a0],r0l
    8646:	02 ff       	mov.b:s r0l,-1[fb]
    8648:	d8 06       	mov.b:q #0,[a0]
    864a:	7b f4       	stc fb,a0
    864c:	7a d4       	ldc a0,sp
    864e:	eb 73       	popc fb
    8650:	ed 11 fb ec 	*unknown*

00008653 <_UART0_RX_intr>:
    8653:	ec fc       	pushm r0,r1,r2,r3,a0,a1
    8655:	75 4f 0a 04 	push.w:g 0x40a
    8659:	75 4f 0c 04 	push.w:g 0x40c
    865d:	75 4f 0e 04 	push.w:g 0x40e
    8661:	75 4f 10 04 	push.w:g 0x410
    8665:	75 4f 12 04 	push.w:g 0x412
    8669:	75 4f 14 04 	push.w:g 0x414
    866d:	75 4f 16 04 	push.w:g 0x416
    8671:	75 4f 18 04 	push.w:g 0x418
    8675:	fd b3 88 00 	jsr.a 88b3 <__ZN6device7uart_ioINS_4uartILt128EEEN5utils4fifoIhLh16EEES5_E5irecvEv>
    8679:	75 df 18 04 	pop.w:g 0x418
    867d:	75 df 16 04 	pop.w:g 0x416
    8681:	75 df 14 04 	pop.w:g 0x414
    8685:	75 df 12 04 	pop.w:g 0x412
    8689:	75 df 10 04 	pop.w:g 0x410
    868d:	75 df 0e 04 	pop.w:g 0x40e
    8691:	75 df 0c 04 	pop.w:g 0x40c
    8695:	75 df 0a 04 	pop.w:g 0x40a
    8699:	ed 3f fb ec 	*unknown*

0000869c <_UART0_TX_intr>:
    869c:	ec fc       	pushm r0,r1,r2,r3,a0,a1
    869e:	7c f2 01    	enter #0x1
    86a1:	75 4f 0a 04 	push.w:g 0x40a
    86a5:	75 4f 0c 04 	push.w:g 0x40c
    86a9:	75 4f 0e 04 	push.w:g 0x40e
    86ad:	75 4f 10 04 	push.w:g 0x410
    86b1:	75 4f 12 04 	push.w:g 0x412
    86b5:	75 4f 14 04 	push.w:g 0x414
    86b9:	75 4f 16 04 	push.w:g 0x416
    86bd:	75 4f 18 04 	push.w:g 0x418
    86c1:	75 c1 e6 03 	mov.w:g #998,r1
    86c5:	fd af 89 00 	jsr.a 89af <__ZNK5utils4fifoIhLh16EE6lengthEv>
    86c9:	e4 00       	cmp.b:s #0,r0l
    86cb:	6a 52       	jeq 871e <_UART0_TX_intr+0x82>
    86cd:	75 c4 e6 03 	mov.w:g #998,a0
    86d1:	72 60       	mov.b:g [a0],r0l
    86d3:	b3          	mov.b:z #0,r0h
    86d4:	a1 40       	add.w:g a0,r0
    86d6:	73 05       	mov.w:g r0,a1
    86d8:	c9 25       	add.w:q #2,a1
    86da:	72 70       	mov.b:g [a1],r0l
    86dc:	c8 16       	add.b:q #1,[a0]
    86de:	76 26 0f    	and.b:g #15,[a0]
    86e1:	03 82 00    	mov.b:s r0l,0x82
    86e4:	75 c4 88 00 	mov.w:g #136,a0
    86e8:	72 60       	mov.b:g [a0],r0l
    86ea:	02 ff       	mov.b:s r0l,-1[fb]
    86ec:	0a ff       	mov.b:s -1[fb],r0l
    86ee:	94 0c       	and.b:s #12,r0l
    86f0:	7e 90 06    	bset:g 0x6,r0
    86f3:	72 06       	mov.b:g r0l,[a0]
    86f5:	75 df 18 04 	pop.w:g 0x418
    86f9:	75 df 16 04 	pop.w:g 0x416
    86fd:	75 df 14 04 	pop.w:g 0x414
    8701:	75 df 12 04 	pop.w:g 0x412
    8705:	75 df 10 04 	pop.w:g 0x410
    8709:	75 df 0e 04 	pop.w:g 0x40e
    870d:	75 df 0c 04 	pop.w:g 0x40c
    8711:	75 df 0a 04 	pop.w:g 0x40a
    8715:	7b f4       	stc fb,a0
    8717:	7a d4       	ldc a0,sp
    8719:	eb 73       	popc fb
    871b:	ed 3f       	popm r0,r1,r2,r3,a0,a1
    871d:	fb          	reit
    871e:	d8 1f 06 03 	mov.b:q #1,0x306
    8722:	fc e4 86 00 	jmp.a 86e4 <_UART0_TX_intr+0x48>

00008726 <__ZN6device7uart_ioINS_4uartILt128EEEN5utils4fifoIhLh16EEES5_E13send_restart_Ev.isra.72>:
    8726:	e7 00 06 03 	cmp.b:s #0,0x306
    872a:	6a 37       	jeq 8762 <__ZN6device7uart_ioINS_4uartILt128EEEN5utils4fifoIhLh16EEES5_E13send_restart_Ev.isra.72+0x3c>
    872c:	75 c1 e6 03 	mov.w:g #998,r1
    8730:	fd af 89 00 	jsr.a 89af <__ZNK5utils4fifoIhLh16EE6lengthEv>
    8734:	e4 00       	cmp.b:s #0,r0l
    8736:	6a 2b       	jeq 8762 <__ZN6device7uart_ioINS_4uartILt128EEEN5utils4fifoIhLh16EEES5_E13send_restart_Ev.isra.72+0x3c>
    8738:	75 c4 85 00 	mov.w:g #133,a0
    873c:	72 60       	mov.b:g [a0],r0l
    873e:	94 02       	and.b:s #2,r0l
    8740:	e4 00       	cmp.b:s #0,r0l
    8742:	6e 06       	jne 8749 <__ZN6device7uart_ioINS_4uartILt128EEEN5utils4fifoIhLh16EEES5_E13send_restart_Ev.isra.72+0x23>
    8744:	04          	nop
    8745:	fc 3c 87 00 	jmp.a 873c <__ZN6device7uart_ioINS_4uartILt128EEEN5utils4fifoIhLh16EEES5_E13send_restart_Ev.isra.72+0x16>
    8749:	75 c4 e6 03 	mov.w:g #998,a0
    874d:	72 60       	mov.b:g [a0],r0l
    874f:	b3          	mov.b:z #0,r0h
    8750:	a1 40       	add.w:g a0,r0
    8752:	73 05       	mov.w:g r0,a1
    8754:	72 90 02    	mov.b:g 0x2[a1],r0l
    8757:	c8 16       	add.b:q #1,[a0]
    8759:	76 26 0f    	and.b:g #15,[a0]
    875c:	b7 06 03    	mov.b:z #0,0x306
    875f:	03 82 00    	mov.b:s r0l,0x82
    8762:	f3          	rts

00008763 <__ZN6device7uart_ioINS_4uartILt128EEEN5utils4fifoIhLh16EEES5_E6putch_Ec.isra.74>:
    8763:	7c f2 01    	enter #0x1
    8766:	72 2b ff    	mov.b:g r1l,-1[fb]
    8769:	0b 88 00    	mov.b:s 0x88,r0l
    876c:	94 08       	and.b:s #8,r0l
    876e:	e4 00       	cmp.b:s #0,r0l
    8770:	6a 41       	jeq 87b2 <__ZN6device7uart_ioINS_4uartILt128EEEN5utils4fifoIhLh16EEES5_E6putch_Ec.isra.74+0x4f>
    8772:	75 c1 e6 03 	mov.w:g #998,r1
    8776:	fd af 89 00 	jsr.a 89af <__ZNK5utils4fifoIhLh16EE6lengthEv>
    877a:	b3          	mov.b:z #0,r0h
    877b:	77 80 0d 00 	cmp.w:g #13,r0
    877f:	7d c8 16    	jle 8797 <__ZN6device7uart_ioINS_4uartILt128EEEN5utils4fifoIhLh16EEES5_E6putch_Ec.isra.74+0x34>
    8782:	fd 26 87 00 	jsr.a 8726 <__ZN6device7uart_ioINS_4uartILt128EEEN5utils4fifoIhLh16EEES5_E13send_restart_Ev.isra.72>
    8786:	75 c1 e6 03 	mov.w:g #998,r1
    878a:	fd af 89 00 	jsr.a 89af <__ZNK5utils4fifoIhLh16EE6lengthEv>
    878e:	e4 00       	cmp.b:s #0,r0l
    8790:	6a 06       	jeq 8797 <__ZN6device7uart_ioINS_4uartILt128EEEN5utils4fifoIhLh16EEES5_E6putch_Ec.isra.74+0x34>
    8792:	04          	nop
    8793:	fc 86 87 00 	jmp.a 8786 <__ZN6device7uart_ioINS_4uartILt128EEEN5utils4fifoIhLh16EEES5_E6putch_Ec.isra.74+0x23>
    8797:	0b e7 03    	mov.b:s 0x3e7,r0l
    879a:	b3          	mov.b:z #0,r0h
    879b:	72 b2 ff    	mov.b:g -1[fb],r1l
    879e:	73 04       	mov.w:g r0,a0
    87a0:	72 2c e8 03 	mov.b:g r1l,0x3e8[a0]
    87a4:	87 01 e7 03 	add.b:s #1,0x3e7
    87a8:	97 0f e7 03 	and.b:s #15,0x3e7
    87ac:	fd 26 87 00 	jsr.a 8726 <__ZN6device7uart_ioINS_4uartILt128EEEN5utils4fifoIhLh16EEES5_E13send_restart_Ev.isra.72>
    87b0:	7d f2       	exitd
    87b2:	75 c4 85 00 	mov.w:g #133,a0
    87b6:	72 60       	mov.b:g [a0],r0l
    87b8:	94 02       	and.b:s #2,r0l
    87ba:	e4 00       	cmp.b:s #0,r0l
    87bc:	6e 06       	jne 87c3 <__ZN6device7uart_ioINS_4uartILt128EEEN5utils4fifoIhLh16EEES5_E6putch_Ec.isra.74+0x60>
    87be:	04          	nop
    87bf:	fc b6 87 00 	jmp.a 87b6 <__ZN6device7uart_ioINS_4uartILt128EEEN5utils4fifoIhLh16EEES5_E6putch_Ec.isra.74+0x53>
    87c3:	72 b2 ff    	mov.b:g -1[fb],r1l
    87c6:	72 2f 82 00 	mov.b:g r1l,0x82
    87ca:	fc b0 87 00 	jmp.a 87b0 <__ZN6device7uart_ioINS_4uartILt128EEEN5utils4fifoIhLh16EEES5_E6putch_Ec.isra.74+0x4d>

000087ce <_sci_putch>:
    87ce:	7c f2 02    	enter #0x2
    87d1:	72 20       	mov.b:g r1l,r0l
    87d3:	e7 00 d0 03 	cmp.b:s #0,0x3d0
    87d7:	6a 13       	jeq 87eb <_sci_putch+0x1d>
    87d9:	76 82 0a    	cmp.b:g #10,r1l
    87dc:	6e 0e       	jne 87eb <_sci_putch+0x1d>
    87de:	74 c2 0d    	mov.b:g #13,r1l
    87e1:	73 0b fe    	mov.w:g r0,-2[fb]
    87e4:	fd 63 87 00 	jsr.a 8763 <__ZN6device7uart_ioINS_4uartILt128EEEN5utils4fifoIhLh16EEES5_E6putch_Ec.isra.74>
    87e8:	73 b0 fe    	mov.w:g -2[fb],r0
    87eb:	72 02       	mov.b:g r0l,r1l
    87ed:	fd 63 87 00 	jsr.a 8763 <__ZN6device7uart_ioINS_4uartILt128EEEN5utils4fifoIhLh16EEES5_E6putch_Ec.isra.74>
    87f1:	7d f2 7c f2 	*unknown*

000087f3 <_sci_puts>:
    87f3:	7c f2 04    	enter #0x4
    87f6:	73 1b fe    	mov.w:g r1,-2[fb]
    87f9:	73 b4 fe    	mov.w:g -2[fb],a0
    87fc:	72 60       	mov.b:g [a0],r0l
    87fe:	e4 00       	cmp.b:s #0,r0l
    8800:	6a 25       	jeq 8826 <_sci_puts+0x33>
    8802:	e7 00 d0 03 	cmp.b:s #0,0x3d0
    8806:	6a 12       	jeq 8819 <_sci_puts+0x26>
    8808:	e4 0a       	cmp.b:s #10,r0l
    880a:	6e 0e       	jne 8819 <_sci_puts+0x26>
    880c:	74 c2 0d    	mov.b:g #13,r1l
    880f:	73 0b fc    	mov.w:g r0,-4[fb]
    8812:	fd 63 87 00 	jsr.a 8763 <__ZN6device7uart_ioINS_4uartILt128EEEN5utils4fifoIhLh16EEES5_E6putch_Ec.isra.74>
    8816:	73 b0 fc    	mov.w:g -4[fb],r0
    8819:	72 02       	mov.b:g r0l,r1l
    881b:	fd 63 87 00 	jsr.a 8763 <__ZN6device7uart_ioINS_4uartILt128EEEN5utils4fifoIhLh16EEES5_E6putch_Ec.isra.74>
    881f:	c9 1b fe    	add.w:q #1,-2[fb]
    8822:	fc f9 87 00 	jmp.a 87f9 <_sci_puts+0x6>
    8826:	7d f2 7c f2 	*unknown*

00008828 <__ZN6device7uart_ioINS_4uartILt128EEEN5utils4fifoIhLh16EEES5_E6lengthEv.isra.78>:
    8828:	7c f2 02    	enter #0x2
    882b:	0b 88 00    	mov.b:s 0x88,r0l
    882e:	94 04       	and.b:s #4,r0l
    8830:	e4 00       	cmp.b:s #0,r0l
    8832:	6a 0c       	jeq 883f <__ZN6device7uart_ioINS_4uartILt128EEEN5utils4fifoIhLh16EEES5_E6lengthEv.isra.78+0x17>
    8834:	75 c1 f8 03 	mov.w:g #1016,r1
    8838:	fd af 89 00 	jsr.a 89af <__ZNK5utils4fifoIhLh16EE6lengthEv>
    883c:	b3          	mov.b:z #0,r0h
    883d:	7d f2       	exitd
    883f:	0b 85 00    	mov.b:s 0x85,r0l
    8842:	e8 a0       	shl.b:q #-3,r0l
    8844:	02 fe       	mov.b:s r0l,-2[fb]
    8846:	0a fe       	mov.b:s -2[fb],r0l
    8848:	77 20 01 00 	and.w:g #1,r0
    884c:	fc 3d 88 00 	jmp.a 883d <__ZN6device7uart_ioINS_4uartILt128EEEN5utils4fifoIhLh16EEES5_E6lengthEv.isra.78+0x15>

00008850 <_sci_length>:
    8850:	fd 28 88 00 	jsr.a 8828 <__ZN6device7uart_ioINS_4uartILt128EEEN5utils4fifoIhLh16EEES5_E6lengthEv.isra.78>
    8854:	f3          	rts

00008855 <__ZN6device7uart_ioINS_4uartILt128EEEN5utils4fifoIhLh16EEES5_E5getchEv.isra.81>:
    8855:	0b 88 00    	mov.b:s 0x88,r0l
    8858:	94 04       	and.b:s #4,r0l
    885a:	e4 00       	cmp.b:s #0,r0l
    885c:	6a 26       	jeq 8883 <__ZN6device7uart_ioINS_4uartILt128EEEN5utils4fifoIhLh16EEES5_E5getchEv.isra.81+0x2e>
    885e:	75 c1 f8 03 	mov.w:g #1016,r1
    8862:	fd af 89 00 	jsr.a 89af <__ZNK5utils4fifoIhLh16EE6lengthEv>
    8866:	e4 00       	cmp.b:s #0,r0l
    8868:	6e 06       	jne 886f <__ZN6device7uart_ioINS_4uartILt128EEEN5utils4fifoIhLh16EEES5_E5getchEv.isra.81+0x1a>
    886a:	04          	nop
    886b:	fc 5e 88 00 	jmp.a 885e <__ZN6device7uart_ioINS_4uartILt128EEEN5utils4fifoIhLh16EEES5_E5getchEv.isra.81+0x9>
    886f:	75 c4 f8 03 	mov.w:g #1016,a0
    8873:	72 60       	mov.b:g [a0],r0l
    8875:	b3          	mov.b:z #0,r0h
    8876:	a1 40       	add.w:g a0,r0
    8878:	73 05       	mov.w:g r0,a1
    887a:	72 90 02    	mov.b:g 0x2[a1],r0l
    887d:	c8 16       	add.b:q #1,[a0]
    887f:	76 26 0f    	and.b:g #15,[a0]
    8882:	f3          	rts
    8883:	fd 28 88 00 	jsr.a 8828 <__ZN6device7uart_ioINS_4uartILt128EEEN5utils4fifoIhLh16EEES5_E6lengthEv.isra.78>
    8887:	d1 00       	cmp.w:q #0,r0
    8889:	6e 06       	jne 8890 <__ZN6device7uart_ioINS_4uartILt128EEEN5utils4fifoIhLh16EEES5_E5getchEv.isra.81+0x3b>
    888b:	04          	nop
    888c:	fc 83 88 00 	jmp.a 8883 <__ZN6device7uart_ioINS_4uartILt128EEEN5utils4fifoIhLh16EEES5_E5getchEv.isra.81+0x2e>
    8890:	73 f0 86 00 	mov.w:g 0x86,r0
    8894:	73 02       	mov.w:g r0,r2
    8896:	77 22 00 f0 	and.w:g #-4096,r2
    889a:	d1 02       	cmp.w:q #0,r2
    889c:	6a e5       	jeq 8882 <__ZN6device7uart_ioINS_4uartILt128EEEN5utils4fifoIhLh16EEES5_E5getchEv.isra.81+0x2d>
    889e:	75 c4 85 00 	mov.w:g #133,a0
    88a2:	76 26 fb    	and.b:g #-5,[a0]
    88a5:	76 36 04    	or.b:g #4,[a0]
    88a8:	d9 00       	mov.w:q #0,r0
    88aa:	fc 82 88 00 	jmp.a 8882 <__ZN6device7uart_ioINS_4uartILt128EEEN5utils4fifoIhLh16EEES5_E5getchEv.isra.81+0x2d>

000088ae <_sci_getch>:
    88ae:	fd 55 88 00 	jsr.a 8855 <__ZN6device7uart_ioINS_4uartILt128EEEN5utils4fifoIhLh16EEES5_E5getchEv.isra.81>
    88b2:	f3          	rts

000088b3 <__ZN6device7uart_ioINS_4uartILt128EEEN5utils4fifoIhLh16EEES5_E5irecvEv>:
    88b3:	7c f2 01    	enter #0x1
    88b6:	73 f2 86 00 	mov.w:g 0x86,r2
    88ba:	73 20       	mov.w:g r2,r0
    88bc:	77 20 00 f0 	and.w:g #-4096,r0
    88c0:	d1 00       	cmp.w:q #0,r0
    88c2:	6a 1d       	jeq 88e0 <__ZN6device7uart_ioINS_4uartILt128EEEN5utils4fifoIhLh16EEES5_E5irecvEv+0x2d>
    88c4:	75 c4 85 00 	mov.w:g #133,a0
    88c8:	76 26 fb    	and.b:g #-5,[a0]
    88cb:	76 36 04    	or.b:g #4,[a0]
    88ce:	75 c4 88 00 	mov.w:g #136,a0
    88d2:	72 60       	mov.b:g [a0],r0l
    88d4:	02 ff       	mov.b:s r0l,-1[fb]
    88d6:	0a ff       	mov.b:s -1[fb],r0l
    88d8:	94 0c       	and.b:s #12,r0l
    88da:	9c 80       	or.b:s #-128,r0l
    88dc:	72 06       	mov.b:g r0l,[a0]
    88de:	7d f2       	exitd
    88e0:	0b f9 03    	mov.b:s 0x3f9,r0l
    88e3:	b3          	mov.b:z #0,r0h
    88e4:	73 05       	mov.w:g r0,a1
    88e6:	73 20       	mov.w:g r2,r0
    88e8:	72 0d fa 03 	mov.b:g r0l,0x3fa[a1]
    88ec:	87 01 f9 03 	add.b:s #1,0x3f9
    88f0:	97 0f f9 03 	and.b:s #15,0x3f9
    88f4:	fc ce 88 00 	jmp.a 88ce <__ZN6device7uart_ioINS_4uartILt128EEEN5utils4fifoIhLh16EEES5_E5irecvEv+0x1b>

000088f8 <__ZNK6device6trj_ioIN5utils9null_taskEE9set_cycleEm>:
    88f8:	7c f2 01    	enter #0x1
    88fb:	73 b2 07    	mov.w:g 7[fb],r2
    88fe:	73 b0 05    	mov.w:g 5[fb],r0
    8901:	eb a0       	sha.l #1,r2r0
    8903:	75 42       	push.w:g r2
    8905:	75 40       	push.w:g r0
    8907:	7d e2 c3 00 	push.w:g #195
    890b:	7d e2 00 50 	push.w:g #20480
    890f:	fd d8 93 00 	jsr.a 93d8 <___udivsi3>
    8913:	7d eb 08 00 	add.w:g #8,sp
    8917:	73 f3 0c 04 	mov.w:g 0x40c,r3
    891b:	73 f1 0a 04 	mov.w:g 0x40a,r1
    891f:	b4          	mov.b:z #0,r0l
    8920:	d1 13       	cmp.w:q #1,r3
    8922:	69 07       	jgtu 892a <__ZNK6device6trj_ioIN5utils9null_taskEE9set_cycleEm+0x32>
    8924:	6e 1e       	jne 8943 <__ZNK6device6trj_ioIN5utils9null_taskEE9set_cycleEm+0x4b>
    8926:	d1 01       	cmp.w:q #0,r1
    8928:	6a 1a       	jeq 8943 <__ZNK6device6trj_ioIN5utils9null_taskEE9set_cycleEm+0x4b>
    892a:	84 01       	add.b:s #1,r0l
    892c:	e4 02       	cmp.b:s #2,r0l
    892e:	6e 0d       	jne 893c <__ZNK6device6trj_ioIN5utils9null_taskEE9set_cycleEm+0x44>
    8930:	eb 99       	shl.l #-2,r3r1
    8932:	fc 20 89 00 	jmp.a 8920 <__ZNK6device6trj_ioIN5utils9null_taskEE9set_cycleEm+0x28>
    8936:	eb 98       	shl.l #-1,r3r1
    8938:	fc 20 89 00 	jmp.a 8920 <__ZNK6device6trj_ioIN5utils9null_taskEE9set_cycleEm+0x28>
    893c:	e4 02       	cmp.b:s #2,r0l
    893e:	6d f7       	jleu 8936 <__ZNK6device6trj_ioIN5utils9null_taskEE9set_cycleEm+0x3e>
    8940:	b4          	mov.b:z #0,r0l
    8941:	7d f2       	exitd
    8943:	73 12       	mov.w:g r1,r2
    8945:	99 32       	or.w:g r3,r2
    8947:	d1 02       	cmp.w:q #0,r2
    8949:	6a 36       	jeq 8980 <__ZNK6device6trj_ioIN5utils9null_taskEE9set_cycleEm+0x88>
    894b:	b3          	mov.b:z #0,r0h
    894c:	77 41 ff ff 	add.w:g #-1,r1
    8950:	77 63 ff ff 	adc.w #-1,r3
    8954:	73 04       	mov.w:g r0,a0
    8956:	72 c0 42 96 	mov.b:g 0x9642[a0],r0l
    895a:	b3          	mov.b:z #0,r0h
    895b:	73 02       	mov.w:g r0,r2
    895d:	d1 0f d2 03 	cmp.w:q #0,0x3d2
    8961:	6a 0a       	jeq 896c <__ZNK6device6trj_ioIN5utils9null_taskEE9set_cycleEm+0x74>
    8963:	0b 4b 00    	mov.b:s 0x4b,r0l
    8966:	94 03       	and.b:s #3,r0l
    8968:	e4 00       	cmp.b:s #0,r0l
    896a:	6e 1d       	jne 8988 <__ZNK6device6trj_ioIN5utils9null_taskEE9set_cycleEm+0x90>
    896c:	73 20       	mov.w:g r2,r0
    896e:	f1 30       	sha.w:q #4,r0
    8970:	94 70       	and.b:s #112,r0l
    8972:	7e 90 00    	bset:g 0x0,r0
    8975:	03 dc 00    	mov.b:s r0l,0xdc
    8978:	73 1f d8 00 	mov.w:g r1,0xd8
    897c:	fc a9 89 00 	jmp.a 89a9 <__ZNK6device6trj_ioIN5utils9null_taskEE9set_cycleEm+0xb1>
    8980:	73 21       	mov.w:g r2,r1
    8982:	72 20       	mov.b:g r1l,r0l
    8984:	fc 41 89 00 	jmp.a 8941 <__ZNK6device6trj_ioIN5utils9null_taskEE9set_cycleEm+0x49>
    8988:	73 20       	mov.w:g r2,r0
    898a:	f1 30       	sha.w:q #4,r0
    898c:	94 70       	and.b:s #112,r0l
    898e:	7e 90 00    	bset:g 0x0,r0
    8991:	03 d4 03    	mov.b:s r0l,0x3d4
    8994:	73 1f d2 03 	mov.w:g r1,0x3d2
    8998:	fd 63 84 00 	jsr.a 8463 <_di>
    899c:	0b de 00    	mov.b:s 0xde,r0l
    899f:	02 ff       	mov.b:s r0l,-1[fb]
    89a1:	c7 80 de 00 	mov.b:s #-128,0xde
    89a5:	fd 68 84 00 	jsr.a 8468 <_ei>
    89a9:	d8 10       	mov.b:q #1,r0l
    89ab:	fc 41 89 00 	jmp.a 8941 <__ZNK6device6trj_ioIN5utils9null_taskEE9set_cycleEm+0x49>

000089af <__ZNK5utils4fifoIhLh16EE6lengthEv>:
    89af:	73 14       	mov.w:g r1,a0
    89b1:	c0 86 01    	cmp.b:g 0x1[a0],[a0]
    89b4:	72 80 01    	mov.b:g 0x1[a0],r0l
    89b7:	a8 60       	sub.b:g [a0],r0l
    89b9:	69 02       	jgtu 89bc <__ZNK5utils4fifoIhLh16EE6lengthEv+0xd>
    89bb:	f3          	rts
    89bc:	84 10       	add.b:s #16,r0l
    89be:	fc bb 89 00 	jmp.a 89bb <__ZNK5utils4fifoIhLh16EE6lengthEv+0xc>

000089c2 <__ZN5utils7commandILs64EE5crlf_Ev>:
    89c2:	74 c2 0d    	mov.b:g #13,r1l
    89c5:	fd ce 87 00 	jsr.a 87ce <_sci_putch>
    89c9:	74 c2 0a    	mov.b:g #10,r1l
    89cc:	fd ce 87 00 	jsr.a 87ce <_sci_putch>
    89d0:	f3          	rts

000089d1 <_main>:
    89d1:	7c f2 18    	enter #0x18
    89d4:	eb 65       	fclr i
    89d6:	75 c4 13 00 	mov.w:g #19,a0
    89da:	76 36 01    	or.b:g #1,[a0]
    89dd:	7e 8f 09 01 	bclr:g 1,0x21
    89e1:	75 c5 20 00 	mov.w:g #32,a1
    89e5:	72 72       	mov.b:g [a1],r1l
    89e7:	76 22 fc    	and.b:g #-4,r1l
    89ea:	7e 91 00    	bset:g 0x0,r1
    89ed:	72 27       	mov.b:g r1l,[a1]
    89ef:	75 c5 22 00 	mov.w:g #34,a1
    89f3:	76 27 bf    	and.b:g #-65,[a1]
    89f6:	b7 23 00    	mov.b:z #0,0x23
    89f9:	9f 80 24 00 	or.b:s #-128,0x24
    89fd:	76 27 60    	and.b:g #96,[a1]
    8a00:	76 26 fe    	and.b:g #-2,[a0]
    8a03:	eb 64       	fset i
    8a05:	7e 8f 91 00 	bclr:g 1,0x12
    8a09:	7e 8f 00 07 	bclr:g 0,0xe0
    8a0d:	b6 f5       	mov.b:z #0,-11[fb]
    8a0f:	d9 32       	mov.w:q #3,r2
    8a11:	75 c0 55 41 	mov.w:g #16725,r0
    8a15:	73 23       	mov.w:g r2,r3
    8a17:	73 01       	mov.w:g r0,r1
    8a19:	eb 98       	shl.l #-1,r3r1
    8a1b:	86 01 f5    	add.b:s #1,-11[fb]
    8a1e:	e6 04 f5    	cmp.b:s #4,-11[fb]
    8a21:	6e 63       	jne 8a85 <_main+0xb4>
    8a23:	73 23       	mov.w:g r2,r3
    8a25:	73 01       	mov.w:g r0,r1
    8a27:	eb 99       	shl.l #-2,r3r1
    8a29:	fc 3b 8a 00 	jmp.a 8a3b <_main+0x6a>
    8a2d:	73 32       	mov.w:g r3,r2
    8a2f:	73 10       	mov.w:g r1,r0
    8a31:	d1 13       	cmp.w:q #1,r3
    8a33:	69 e1       	jgtu 8a15 <_main+0x44>
    8a35:	6e 05       	jne 8a3b <_main+0x6a>
    8a37:	d1 01       	cmp.w:q #0,r1
    8a39:	6e db       	jne 8a15 <_main+0x44>
    8a3b:	77 41 ff ff 	add.w:g #-1,r1
    8a3f:	77 63 ff ff 	adc.w #-1,r3
    8a43:	73 12       	mov.w:g r1,r2
    8a45:	99 32       	or.w:g r3,r2
    8a47:	d1 02       	cmp.w:q #0,r2
    8a49:	6a 40       	jeq 8a8a <_main+0xb9>
    8a4b:	0a f5       	mov.b:s -11[fb],r0l
    8a4d:	b3          	mov.b:z #0,r0h
    8a4e:	73 04       	mov.w:g r0,a0
    8a50:	72 c0 45 96 	mov.b:g 0x9645[a0],r0l
    8a54:	f0 30       	sha.b:q #4,r0l
    8a56:	94 70       	and.b:s #112,r0l
    8a58:	7e 90 02    	bset:g 0x2,r0
    8a5b:	03 e3 00    	mov.b:s r0l,0xe3
    8a5e:	73 1f ce 03 	mov.w:g r1,0x3ce
    8a62:	72 2f e4 00 	mov.b:g r1l,0xe4
    8a66:	eb 9f       	shl.l #-8,r3r1
    8a68:	72 2f e5 00 	mov.b:g r1l,0xe5
    8a6c:	75 c4 4c 00 	mov.w:g #76,a0
    8a70:	72 60       	mov.b:g [a0],r0l
    8a72:	94 fc       	and.b:s #-4,r0l
    8a74:	7e 90 01    	bset:g 0x1,r0
    8a77:	72 06       	mov.b:g r0l,[a0]
    8a79:	c7 80 e7 00 	mov.b:s #-128,0xe7
    8a7d:	7e 9f 00 07 	bset:g 0,0xe0
    8a81:	fc 8a 8a 00 	jmp.a 8a8a <_main+0xb9>
    8a85:	e6 06 f5    	cmp.b:s #6,-11[fb]
    8a88:	6d a4       	jleu 8a2d <_main+0x5c>
    8a8a:	75 c5 d1 00 	mov.w:g #209,a1
    8a8e:	76 27 fe    	and.b:g #-2,[a1]
    8a91:	75 c4 c9 00 	mov.w:g #201,a0
    8a95:	72 60       	mov.b:g [a0],r0l
    8a97:	94 fc       	and.b:s #-4,r0l
    8a99:	7e 90 00    	bset:g 0x0,r0
    8a9c:	72 06       	mov.b:g r0l,[a0]
    8a9e:	76 27 fb    	and.b:g #-5,[a1]
    8aa1:	72 60       	mov.b:g [a0],r0l
    8aa3:	94 f3       	and.b:s #-13,r0l
    8aa5:	7e 90 02    	bset:g 0x2,r0
    8aa8:	72 06       	mov.b:g r0l,[a0]
    8aaa:	75 c1 12 00 	mov.w:g #18,r1
    8aae:	73 15       	mov.w:g r1,a1
    8ab0:	76 27 bf    	and.b:g #-65,[a1]
    8ab3:	b7 85 00    	mov.b:z #0,0x85
    8ab6:	b7 84 00    	mov.b:z #0,0x84
    8ab9:	c7 52 d1 03 	mov.b:s #82,0x3d1
    8abd:	c7 52 81 00 	mov.b:s #82,0x81
    8ac1:	d8 5f 80 00 	mov.b:q #5,0x80
    8ac5:	d8 5f 85 00 	mov.b:q #5,0x85
    8ac9:	75 c2 48 00 	mov.w:g #72,r2
    8acd:	73 25       	mov.w:g r2,a1
    8acf:	72 70       	mov.b:g [a1],r0l
    8ad1:	94 cf       	and.b:s #-49,r0l
    8ad3:	7e 90 04    	bset:g 0x4,r0
    8ad6:	72 07       	mov.b:g r0l,[a1]
    8ad8:	75 c2 49 00 	mov.w:g #73,r2
    8adc:	73 25       	mov.w:g r2,a1
    8ade:	72 70       	mov.b:g [a1],r0l
    8ae0:	94 fc       	and.b:s #-4,r0l
    8ae2:	7e 90 00    	bset:g 0x0,r0
    8ae5:	72 07       	mov.b:g r0l,[a1]
    8ae7:	c7 0c 88 00 	mov.b:s #12,0x88
    8aeb:	d8 1f 06 03 	mov.b:q #1,0x306
    8aef:	72 60       	mov.b:g [a0],r0l
    8af1:	94 3f       	and.b:s #63,r0l
    8af3:	9c 80       	or.b:s #-128,r0l
    8af5:	72 06       	mov.b:g r0l,[a0]
    8af7:	73 14       	mov.w:g r1,a0
    8af9:	76 26 fe    	and.b:g #-2,[a0]
    8afc:	75 c4 da 00 	mov.w:g #218,a0
    8b00:	76 26 fe    	and.b:g #-2,[a0]
    8b03:	d8 1f d4 03 	mov.b:q #1,0x3d4
    8b07:	d8 1f dc 00 	mov.b:q #1,0xdc
    8b0b:	75 cf d2 03 	mov.w:g #6399,0x3d2
    8b0f:	ff 18 
    8b11:	75 cf d8 00 	mov.w:g #6399,0xd8
    8b15:	ff 18 
    8b17:	75 c5 db 00 	mov.w:g #219,a1
    8b1b:	76 37 01    	or.b:g #1,[a1]
    8b1e:	76 27 fd    	and.b:g #-3,[a1]
    8b21:	97 fc 4b 00 	and.b:s #-4,0x4b
    8b25:	b7 de 00    	mov.b:z #0,0xde
    8b28:	76 36 01    	or.b:g #1,[a0]
    8b2b:	75 c1 e4 95 	mov.w:g #-27164,r1
    8b2f:	fd f3 87 00 	jsr.a 87f3 <_sci_puts>
    8b33:	75 cf ca 03 	mov.w:g #-27133,0x3ca
    8b37:	03 96 
    8b39:	75 c4 e7 00 	mov.w:g #231,a0
    8b3d:	d0 06       	cmp.b:q #0,[a0]
    8b3f:	7d ca 12    	jge 8b53 <_main+0x182>
    8b42:	0b d5 03    	mov.b:s 0x3d5,r0l
    8b45:	02 f6       	mov.b:s r0l,-10[fb]
    8b47:	c0 fb d5 03 	cmp.b:g 0x3d5,-10[fb]
    8b4b:	f6 
    8b4c:	6e 1c       	jne 8b69 <_main+0x198>
    8b4e:	04          	nop
    8b4f:	fc 47 8b 00 	jmp.a 8b47 <_main+0x176>
    8b53:	73 45       	mov.w:g a0,a1
    8b55:	72 70       	mov.b:g [a1],r0l
    8b57:	94 40       	and.b:s #64,r0l
    8b59:	e4 00       	cmp.b:s #0,r0l
    8b5b:	6e 06       	jne 8b62 <_main+0x191>
    8b5d:	04          	nop
    8b5e:	fc 55 8b 00 	jmp.a 8b55 <_main+0x184>
    8b62:	76 26 bf    	and.b:g #-65,[a0]
    8b65:	87 01 d5 03 	add.b:s #1,0x3d5
    8b69:	d1 0f c2 03 	cmp.w:q #0,0x3c2
    8b6d:	7d ca 13    	jge 8b82 <_main+0x1b1>
    8b70:	d1 0f c4 03 	cmp.w:q #0,0x3c4
    8b74:	6e 0d       	jne 8b82 <_main+0x1b1>
    8b76:	73 f1 ca 03 	mov.w:g 0x3ca,r1
    8b7a:	d1 01       	cmp.w:q #0,r1
    8b7c:	6a 05       	jeq 8b82 <_main+0x1b1>
    8b7e:	fd f3 87 00 	jsr.a 87f3 <_sci_puts>
    8b82:	73 f0 c4 03 	mov.w:g 0x3c4,r0
    8b86:	73 0f c2 03 	mov.w:g r0,0x3c2
    8b8a:	b7 cc 03    	mov.b:z #0,0x3cc
    8b8d:	fd 28 88 00 	jsr.a 8828 <__ZN6device7uart_ioINS_4uartILt128EEEN5utils4fifoIhLh16EEES5_E6lengthEv.isra.78>
    8b91:	d1 00       	cmp.w:q #0,r0
    8b93:	6a a5       	jeq 8b39 <_main+0x168>
    8b95:	73 f0 c4 03 	mov.w:g 0x3c4,r0
    8b99:	77 80 3e 00 	cmp.w:g #62,r0
    8b9d:	7d c8 1b    	jle 8bba <_main+0x1e9>
    8ba0:	74 c2 5c    	mov.b:g #92,r1l
    8ba3:	fd ce 87 00 	jsr.a 87ce <_sci_putch>
    8ba7:	b7 c1 03    	mov.b:z #0,0x3c1
    8baa:	d9 0f c4 03 	mov.w:q #0,0x3c4
    8bae:	d9 ff c2 03 	mov.w:q #-1,0x3c2
    8bb2:	fd c2 89 00 	jsr.a 89c2 <__ZN5utils7commandILs64EE5crlf_Ev>
    8bb6:	fc 39 8b 00 	jmp.a 8b39 <_main+0x168>
    8bba:	77 80 37 00 	cmp.w:g #55,r0
    8bbe:	7d c8 07    	jle 8bc7 <_main+0x1f6>
    8bc1:	d8 72       	mov.b:q #7,r1l
    8bc3:	fd ce 87 00 	jsr.a 87ce <_sci_putch>
    8bc7:	fd 55 88 00 	jsr.a 8855 <__ZN6device7uart_ioINS_4uartILt128EEEN5utils4fifoIhLh16EEES5_E5getchEv.isra.81>
    8bcb:	e4 09       	cmp.b:s #9,r0l
    8bcd:	6e 04       	jne 8bd2 <_main+0x201>
    8bcf:	f4 ae 00    	jmp.w 8c7e <_main+0x2ad>
    8bd2:	e4 0d       	cmp.b:s #13,r0l
    8bd4:	6a 3f       	jeq 8c14 <_main+0x243>
    8bd6:	e4 08       	cmp.b:s #8,r0l
    8bd8:	6a 04       	jeq 8bdd <_main+0x20c>
    8bda:	f4 c8 00    	jmp.w 8ca3 <_main+0x2d2>
    8bdd:	73 f2 c4 03 	mov.w:g 0x3c4,r2
    8be1:	d1 02       	cmp.w:q #0,r2
    8be3:	6e 04       	jne 8be8 <_main+0x217>
    8be5:	f4 8c 00    	jmp.w 8c72 <_main+0x2a1>
    8be8:	77 52 01 00 	sub.w:g #1,r2
    8bec:	73 2f c4 03 	mov.w:g r2,0x3c4
    8bf0:	72 02       	mov.b:g r0l,r1l
    8bf2:	73 0b ec    	mov.w:g r0,-20[fb]
    8bf5:	fd ce 87 00 	jsr.a 87ce <_sci_putch>
    8bf9:	75 c4 82 03 	mov.w:g #898,a0
    8bfd:	a1 f4 c4 03 	add.w:g 0x3c4,a0
    8c01:	73 b0 ec    	mov.w:g -20[fb],r0
    8c04:	76 86 1f    	cmp.b:g #31,[a0]
    8c07:	7d cc 84    	jgt 8b8d <_main+0x1bc>
    8c0a:	72 02       	mov.b:g r0l,r1l
    8c0c:	fd ce 87 00 	jsr.a 87ce <_sci_putch>
    8c10:	fc 8d 8b 00 	jmp.a 8b8d <_main+0x1bc>
    8c14:	73 f4 c4 03 	mov.w:g 0x3c4,a0
    8c18:	d8 0c 82 03 	mov.b:q #0,0x382[a0]
    8c1c:	73 4f c6 03 	mov.w:g a0,0x3c6
    8c20:	74 c2 1b    	mov.b:g #27,r1l
    8c23:	fd ce 87 00 	jsr.a 87ce <_sci_putch>
    8c27:	74 c2 5b    	mov.b:g #91,r1l
    8c2a:	fd ce 87 00 	jsr.a 87ce <_sci_putch>
    8c2e:	74 c2 30    	mov.b:g #48,r1l
    8c31:	fd ce 87 00 	jsr.a 87ce <_sci_putch>
    8c35:	74 c2 4a    	mov.b:g #74,r1l
    8c38:	fd ce 87 00 	jsr.a 87ce <_sci_putch>
    8c3c:	fd c2 89 00 	jsr.a 89c2 <__ZN5utils7commandILs64EE5crlf_Ev>
    8c40:	d9 0f c4 03 	mov.w:q #0,0x3c4
    8c44:	d9 ff c2 03 	mov.w:q #-1,0x3c2
    8c48:	d9 ff c8 03 	mov.w:q #-1,0x3c8
    8c4c:	75 c4 82 03 	mov.w:g #898,a0
    8c50:	b6 f5       	mov.b:z #0,-11[fb]
    8c52:	74 c2 20    	mov.b:g #32,r1l
    8c55:	72 60       	mov.b:g [a0],r0l
    8c57:	e4 00       	cmp.b:s #0,r0l
    8c59:	6e 04       	jne 8c5e <_main+0x28d>
    8c5b:	f4 84 00    	jmp.w 8ce0 <_main+0x30f>
    8c5e:	76 82 20    	cmp.b:g #32,r1l
    8c61:	6e 08       	jne 8c6a <_main+0x299>
    8c63:	e4 20       	cmp.b:s #32,r0l
    8c65:	6a 04       	jeq 8c6a <_main+0x299>
    8c67:	86 01 f5    	add.b:s #1,-11[fb]
    8c6a:	c9 14       	add.w:q #1,a0
    8c6c:	72 02       	mov.b:g r0l,r1l
    8c6e:	fc 55 8c 00 	jmp.a 8c55 <_main+0x284>
    8c72:	d9 ff c2 03 	mov.w:q #-1,0x3c2
    8c76:	fd c2 89 00 	jsr.a 89c2 <__ZN5utils7commandILs64EE5crlf_Ev>
    8c7a:	fc 8d 8b 00 	jmp.a 8b8d <_main+0x1bc>
    8c7e:	d1 0f c8 03 	cmp.w:q #0,0x3c8
    8c82:	7d ca 17    	jge 8c9b <_main+0x2ca>
    8c85:	73 f0 c4 03 	mov.w:g 0x3c4,r0
    8c89:	73 0f c8 03 	mov.w:g r0,0x3c8
    8c8d:	74 c2 1b    	mov.b:g #27,r1l
    8c90:	fd ce 87 00 	jsr.a 87ce <_sci_putch>
    8c94:	74 c2 37    	mov.b:g #55,r1l
    8c97:	fd ce 87 00 	jsr.a 87ce <_sci_putch>
    8c9b:	d8 1f cc 03 	mov.b:q #1,0x3cc
    8c9f:	fc 8d 8b 00 	jmp.a 8b8d <_main+0x1bc>
    8ca3:	73 f4 c4 03 	mov.w:g 0x3c4,a0
    8ca7:	72 0c 82 03 	mov.b:g r0l,0x382[a0]
    8cab:	c9 14       	add.w:q #1,a0
    8cad:	73 4f c4 03 	mov.w:g a0,0x3c4
    8cb1:	e4 1f       	cmp.b:s #31,r0l
    8cb3:	7d cc 25    	jgt 8cda <_main+0x309>
    8cb6:	74 c2 5e    	mov.b:g #94,r1l
    8cb9:	73 0b ec    	mov.w:g r0,-20[fb]
    8cbc:	fd ce 87 00 	jsr.a 87ce <_sci_putch>
    8cc0:	73 b0 ec    	mov.w:g -20[fb],r0
    8cc3:	72 02       	mov.b:g r0l,r1l
    8cc5:	76 42 40    	add.b:g #64,r1l
    8cc8:	fd ce 87 00 	jsr.a 87ce <_sci_putch>
    8ccc:	75 c4 82 03 	mov.w:g #898,a0
    8cd0:	a1 f4 c4 03 	add.w:g 0x3c4,a0
    8cd4:	d8 06       	mov.b:q #0,[a0]
    8cd6:	fc 8d 8b 00 	jmp.a 8b8d <_main+0x1bc>
    8cda:	72 02       	mov.b:g r0l,r1l
    8cdc:	fc c8 8c 00 	jmp.a 8cc8 <_main+0x2f7>
    8ce0:	e6 00 f5    	cmp.b:s #0,-11[fb]
    8ce3:	6e 04       	jne 8ce8 <_main+0x317>
    8ce5:	f4 53 fe    	jmp.w 8b39 <_fixed_vectors_+0xffff8b61>
    8ce8:	74 c2 20    	mov.b:g #32,r1l
    8ceb:	75 c4 82 03 	mov.w:g #898,a0
    8cef:	02 f0       	mov.b:s r0l,-16[fb]
    8cf1:	72 60       	mov.b:g [a0],r0l
    8cf3:	76 82 20    	cmp.b:g #32,r1l
    8cf6:	6e 0d       	jne 8d04 <_main+0x333>
    8cf8:	e4 20       	cmp.b:s #32,r0l
    8cfa:	6e 6a       	jne 8d65 <_main+0x394>
    8cfc:	c9 14       	add.w:q #1,a0
    8cfe:	72 02       	mov.b:g r0l,r1l
    8d00:	fc f1 8c 00 	jmp.a 8cf1 <_main+0x320>
    8d04:	72 02       	mov.b:g r0l,r1l
    8d06:	7e 81 05    	bclr:g 0x5,r1
    8d09:	d0 02       	cmp.b:q #0,r1l
    8d0b:	6e f0       	jne 8cfc <_main+0x32b>
    8d0d:	e6 00 f0    	cmp.b:s #0,-16[fb]
    8d10:	6e 49       	jne 8d5a <_main+0x389>
    8d12:	73 42       	mov.w:g a0,r2
    8d14:	a9 b2 ee    	sub.w:g -18[fb],r2
    8d17:	d1 42       	cmp.w:q #4,r2
    8d19:	6e 40       	jne 8d5a <_main+0x389>
    8d1b:	75 42       	push.w:g r2
    8d1d:	73 b2 ee    	mov.w:g -18[fb],r2
    8d20:	75 c1 06 96 	mov.w:g #-27130,r1
    8d24:	fd ab 95 00 	jsr.a 95ab <_strncmp>
    8d28:	7d b2       	add.b:q #2,sp
    8d2a:	d1 00       	cmp.w:q #0,r0
    8d2c:	6a 3f       	jeq 8d6c <_main+0x39b>
    8d2e:	e6 01 f5    	cmp.b:s #1,-11[fb]
    8d31:	6e 04       	jne 8d36 <_main+0x365>
    8d33:	f4 f1 00    	jmp.w 8e25 <_main+0x454>
    8d36:	75 c2 82 03 	mov.w:g #898,r2
    8d3a:	c6 20 f5    	mov.b:s #32,-11[fb]
    8d3d:	73 24       	mov.w:g r2,a0
    8d3f:	d8 12       	mov.b:q #1,r1l
    8d41:	72 60       	mov.b:g [a0],r0l
    8d43:	e6 20 f5    	cmp.b:s #32,-11[fb]
    8d46:	6a 04       	jeq 8d4b <_main+0x37a>
    8d48:	f4 c8 00    	jmp.w 8e11 <_main+0x440>
    8d4b:	e4 20       	cmp.b:s #32,r0l
    8d4d:	6a 04       	jeq 8d52 <_main+0x381>
    8d4f:	f4 b7 00    	jmp.w 8e07 <_main+0x436>
    8d52:	c9 14       	add.w:q #1,a0
    8d54:	02 f5       	mov.b:s r0l,-11[fb]
    8d56:	fc 41 8d 00 	jmp.a 8d41 <_main+0x370>
    8d5a:	86 ff f0    	add.b:s #-1,-16[fb]
    8d5d:	e4 00       	cmp.b:s #0,r0l
    8d5f:	6e 9c       	jne 8cfc <_main+0x32b>
    8d61:	fc 2e 8d 00 	jmp.a 8d2e <_main+0x35d>
    8d65:	73 4b ee    	mov.w:g a0,-18[fb]
    8d68:	fc 5d 8d 00 	jmp.a 8d5d <_main+0x38c>
    8d6c:	75 c1 0b 96 	mov.w:g #-27125,r1
    8d70:	fd f3 87 00 	jsr.a 87f3 <_sci_puts>
    8d74:	fc 39 8b 00 	jmp.a 8b39 <_main+0x168>
    8d78:	e4 00       	cmp.b:s #0,r0l
    8d7a:	6e d7       	jne 8d52 <_main+0x381>
    8d7c:	d0 02       	cmp.b:q #0,r1l
    8d7e:	6a 04       	jeq 8d83 <_main+0x3b2>
    8d80:	f4 a4 00    	jmp.w 8e25 <_main+0x454>
    8d83:	d9 00       	mov.w:q #0,r0
    8d85:	72 02       	mov.b:g r0l,r1l
    8d87:	73 43       	mov.w:g a0,r3
    8d89:	a9 23       	sub.w:g r2,r3
    8d8b:	c1 30       	cmp.w:g r3,r0
    8d8d:	7d ca 23    	jge 8db2 <_main+0x3e1>
    8d90:	77 80 08 00 	cmp.w:g #8,r0
    8d94:	6a 1b       	jeq 8db0 <_main+0x3df>
    8d96:	7b f3       	stc fb,r3
    8d98:	77 53 09 00 	sub.w:g #9,r3
    8d9c:	a1 03       	add.w:g r0,r3
    8d9e:	73 21       	mov.w:g r2,r1
    8da0:	a1 01       	add.w:g r0,r1
    8da2:	73 15       	mov.w:g r1,a1
    8da4:	72 72       	mov.b:g [a1],r1l
    8da6:	73 35       	mov.w:g r3,a1
    8da8:	72 27       	mov.b:g r1l,[a1]
    8daa:	c9 10       	add.w:q #1,r0
    8dac:	fc 85 8d 00 	jmp.a 8d85 <_main+0x3b4>
    8db0:	72 02       	mov.b:g r0l,r1l
    8db2:	d8 03       	mov.b:q #0,r1h
    8db4:	7b f0       	stc fb,r0
    8db6:	77 50 09 00 	sub.w:g #9,r0
    8dba:	a1 01       	add.w:g r0,r1
    8dbc:	73 14       	mov.w:g r1,a0
    8dbe:	d8 06       	mov.b:q #0,[a0]
    8dc0:	eb 4b f7    	mova -9[fb],a0
    8dc3:	d9 0b f3    	mov.w:q #0,-13[fb]
    8dc6:	d9 0b f1    	mov.w:q #0,-15[fb]
    8dc9:	72 62       	mov.b:g [a0],r1l
    8dcb:	d0 02       	cmp.b:q #0,r1l
    8dcd:	6a 72       	jeq 8e40 <_main+0x46f>
    8dcf:	76 42 d0    	add.b:g #-48,r1l
    8dd2:	c9 14       	add.w:q #1,a0
    8dd4:	76 82 09    	cmp.b:g #9,r1l
    8dd7:	69 4d       	jgtu 8e25 <_main+0x454>
    8dd9:	73 b2 f3    	mov.w:g -13[fb],r2
    8ddc:	73 b0 f1    	mov.w:g -15[fb],r0
    8ddf:	eb a1       	sha.l #2,r2r0
    8de1:	73 2b ea    	mov.w:g r2,-22[fb]
    8de4:	73 0b e8    	mov.w:g r0,-24[fb]
    8de7:	73 b2 f3    	mov.w:g -13[fb],r2
    8dea:	73 b0 f1    	mov.w:g -15[fb],r0
    8ded:	a1 b0 e8    	add.w:g -24[fb],r0
    8df0:	b1 b2 ea    	adc.w -22[fb],r2
    8df3:	eb a0       	sha.l #1,r2r0
    8df5:	d8 03       	mov.b:q #0,r1h
    8df7:	d9 03       	mov.w:q #0,r3
    8df9:	a1 10       	add.w:g r1,r0
    8dfb:	b1 32       	adc.w r3,r2
    8dfd:	73 2b f3    	mov.w:g r2,-13[fb]
    8e00:	73 0b f1    	mov.w:g r0,-15[fb]
    8e03:	fc c9 8d 00 	jmp.a 8dc9 <_main+0x3f8>
    8e07:	e4 00       	cmp.b:s #0,r0l
    8e09:	6a 1b       	jeq 8e25 <_main+0x454>
    8e0b:	73 42       	mov.w:g a0,r2
    8e0d:	fc 52 8d 00 	jmp.a 8d52 <_main+0x381>
    8e11:	e4 20       	cmp.b:s #32,r0l
    8e13:	6a 04       	jeq 8e18 <_main+0x447>
    8e15:	f4 62 ff    	jmp.w 8d78 <_fixed_vectors_+0xffff8da0>
    8e18:	d0 02       	cmp.b:q #0,r1l
    8e1a:	6e 04       	jne 8e1f <_main+0x44e>
    8e1c:	f4 66 ff    	jmp.w 8d83 <_fixed_vectors_+0xffff8dab>
    8e1f:	d8 02       	mov.b:q #0,r1l
    8e21:	fc 52 8d 00 	jmp.a 8d52 <_main+0x381>
    8e25:	75 c1 32 96 	mov.w:g #-27086,r1
    8e29:	fd f3 87 00 	jsr.a 87f3 <_sci_puts>
    8e2d:	75 c1 82 03 	mov.w:g #898,r1
    8e31:	fd f3 87 00 	jsr.a 87f3 <_sci_puts>
    8e35:	74 c2 0a    	mov.b:g #10,r1l
    8e38:	fd ce 87 00 	jsr.a 87ce <_sci_putch>
    8e3c:	fc 39 8b 00 	jmp.a 8b39 <_main+0x168>
    8e40:	75 4b f3    	push.w:g -13[fb]
    8e43:	75 4b f1    	push.w:g -15[fb]
    8e46:	75 c1 cd 03 	mov.w:g #973,r1
    8e4a:	fd f8 88 00 	jsr.a 88f8 <__ZNK6device6trj_ioIN5utils9null_taskEE9set_cycleEm>
    8e4e:	7d b4       	add.b:q #4,sp
    8e50:	e4 00       	cmp.b:s #0,r0l
    8e52:	6a 04       	jeq 8e57 <_main+0x486>
    8e54:	f4 e4 fc    	jmp.w 8b39 <_fixed_vectors_+0xffff8b61>
    8e57:	75 c1 1f 96 	mov.w:g #-27105,r1
    8e5b:	fc 70 8d 00 	jmp.a 8d70 <_main+0x39f>

00008e5f <__GLOBAL__sub_I_sci_putch>:
    8e5f:	d8 1f d0 03 	mov.b:q #1,0x3d0
    8e63:	b7 d1 03    	mov.b:z #0,0x3d1
    8e66:	d9 0f ce 03 	mov.w:q #0,0x3ce
    8e6a:	d9 ff c2 03 	mov.w:q #-1,0x3c2
    8e6e:	d9 0f c4 03 	mov.w:q #0,0x3c4
    8e72:	d9 0f c6 03 	mov.w:q #0,0x3c6
    8e76:	d9 ff c8 03 	mov.w:q #-1,0x3c8
    8e7a:	d9 0f ca 03 	mov.w:q #0,0x3ca
    8e7e:	b7 cc 03    	mov.b:z #0,0x3cc
    8e81:	b7 82 03    	mov.b:z #0,0x382
    8e84:	e7 00 de 03 	cmp.b:s #0,0x3de
    8e88:	6e 0b       	jne 8e94 <__GLOBAL__sub_I_sci_putch+0x35>
    8e8a:	d8 1f de 03 	mov.b:q #1,0x3de
    8e8e:	b7 f8 03    	mov.b:z #0,0x3f8
    8e91:	b7 f9 03    	mov.b:z #0,0x3f9
    8e94:	e7 00 d6 03 	cmp.b:s #0,0x3d6
    8e98:	6e 0b       	jne 8ea4 <__GLOBAL__sub_I_sci_putch+0x45>
    8e9a:	d8 1f d6 03 	mov.b:q #1,0x3d6
    8e9e:	b7 e6 03    	mov.b:z #0,0x3e6
    8ea1:	b7 e7 03    	mov.b:z #0,0x3e7
    8ea4:	f3          	rts

00008ea5 <m32c_jsri16>:
    8ea5:	7d bf       	add.b:q #-1,sp
    8ea7:	75 b0 04    	mov.w:g 4[sp],r0
    8eaa:	75 b3 01    	mov.w:g 1[sp],r3
    8ead:	74 b4 03    	mov.b:g 3[sp],a0
    8eb0:	75 34 01    	mov.w:g a0,1[sp]
    8eb3:	75 30 00    	mov.w:g r0,0[sp]
    8eb6:	75 33 03    	mov.w:g r3,3[sp]
    8eb9:	74 34 05    	mov.b:g a0,5[sp]
    8ebc:	f3          	rts
    8ebd:	04          	nop
    8ebe:	04          	nop
    8ebf:	04          	nop

00008ec0 <_udivmodsi4>:
    8ec0:	7c f2 0a    	enter #0xa
    8ec3:	73 b1 05    	mov.w:g 5[fb],r1
    8ec6:	73 1b f6    	mov.w:g r1,-10[fb]
    8ec9:	73 b4 07    	mov.w:g 7[fb],a0
    8ecc:	73 b3 0b    	mov.w:g 11[fb],r3
    8ecf:	73 b1 09    	mov.w:g 9[fb],r1
    8ed2:	c1 34       	cmp.w:g r3,a0
    8ed4:	69 04       	jgtu 8ed9 <_udivmodsi4+0x19>
    8ed6:	f4 c1 00    	jmp.w 8f98 <_udivmodsi4+0xd8>
    8ed9:	d1 03       	cmp.w:q #0,r3
    8edb:	7d ca 04    	jge 8ee1 <_udivmodsi4+0x21>
    8ede:	f4 c5 00    	jmp.w 8fa4 <_udivmodsi4+0xe4>
    8ee1:	75 c5 20 00 	mov.w:g #32,a1
    8ee5:	d9 02       	mov.w:q #0,r2
    8ee7:	d9 10       	mov.w:q #1,r0
    8ee9:	eb b0       	sha.l #1,r3r1
    8eeb:	eb a0       	sha.l #1,r2r0
    8eed:	c1 34       	cmp.w:g r3,a0
    8eef:	6d 71       	jleu 8f61 <_udivmodsi4+0xa1>
    8ef1:	77 55 01 00 	sub.w:g #1,a1
    8ef5:	d1 05       	cmp.w:q #0,a1
    8ef7:	6e 04       	jne 8efc <_udivmodsi4+0x3c>
    8ef9:	f4 8b 00    	jmp.w 8f85 <_udivmodsi4+0xc5>
    8efc:	d1 03       	cmp.w:q #0,r3
    8efe:	7d ca e9    	jge 8ee9 <_udivmodsi4+0x29>
    8f01:	73 b5 f6    	mov.w:g -10[fb],a1
    8f04:	73 5b fc    	mov.w:g a1,-4[fb]
    8f07:	73 4b fe    	mov.w:g a0,-2[fb]
    8f0a:	d9 0b fa    	mov.w:q #0,-6[fb]
    8f0d:	d9 0b f8    	mov.w:q #0,-8[fb]
    8f10:	c1 b3 fe    	cmp.w:g -2[fb],r3
    8f13:	69 08       	jgtu 8f1c <_udivmodsi4+0x5c>
    8f15:	6e 2f       	jne 8f45 <_udivmodsi4+0x85>
    8f17:	c1 b1 fc    	cmp.w:g -4[fb],r1
    8f1a:	6d 2a       	jleu 8f45 <_udivmodsi4+0x85>
    8f1c:	eb 88       	shl.l #-1,r2r0
    8f1e:	eb 98       	shl.l #-1,r3r1
    8f20:	73 04       	mov.w:g r0,a0
    8f22:	99 24       	or.w:g r2,a0
    8f24:	d1 04       	cmp.w:q #0,a0
    8f26:	6e e9       	jne 8f10 <_udivmodsi4+0x50>
    8f28:	d1 0b 0d    	cmp.w:q #0,13[fb]
    8f2b:	6e 0d       	jne 8f39 <_udivmodsi4+0x79>
    8f2d:	73 b5 fa    	mov.w:g -6[fb],a1
    8f30:	73 5b fe    	mov.w:g a1,-2[fb]
    8f33:	73 b0 f8    	mov.w:g -8[fb],r0
    8f36:	73 0b fc    	mov.w:g r0,-4[fb]
    8f39:	73 bf fe 0c 	mov.w:g -2[fb],0x40c
    8f3d:	04 
    8f3e:	73 bf fc 0a 	mov.w:g -4[fb],0x40a
    8f42:	04 
    8f43:	7d f2       	exitd
    8f45:	a9 1b fc    	sub.w:g r1,-4[fb]
    8f48:	b9 3b fe    	sbb.w r3,-2[fb]
    8f4b:	99 0b f8    	or.w:g r0,-8[fb]
    8f4e:	99 2b fa    	or.w:g r2,-6[fb]
    8f51:	eb 88       	shl.l #-1,r2r0
    8f53:	eb 98       	shl.l #-1,r3r1
    8f55:	73 04       	mov.w:g r0,a0
    8f57:	99 24       	or.w:g r2,a0
    8f59:	d1 04       	cmp.w:q #0,a0
    8f5b:	6e b4       	jne 8f10 <_udivmodsi4+0x50>
    8f5d:	fc 28 8f 00 	jmp.a 8f28 <_udivmodsi4+0x68>
    8f61:	c1 34       	cmp.w:g r3,a0
    8f63:	6e 06       	jne 8f6a <_udivmodsi4+0xaa>
    8f65:	c1 1b f6    	cmp.w:g r1,-10[fb]
    8f68:	69 88       	jgtu 8ef1 <_udivmodsi4+0x31>
    8f6a:	73 05       	mov.w:g r0,a1
    8f6c:	99 25       	or.w:g r2,a1
    8f6e:	d1 05       	cmp.w:q #0,a1
    8f70:	6e 90       	jne 8f01 <_udivmodsi4+0x41>
    8f72:	73 2b fa    	mov.w:g r2,-6[fb]
    8f75:	73 0b f8    	mov.w:g r0,-8[fb]
    8f78:	73 b1 f6    	mov.w:g -10[fb],r1
    8f7b:	73 1b fc    	mov.w:g r1,-4[fb]
    8f7e:	73 4b fe    	mov.w:g a0,-2[fb]
    8f81:	fc 28 8f 00 	jmp.a 8f28 <_udivmodsi4+0x68>
    8f85:	73 b0 f6    	mov.w:g -10[fb],r0
    8f88:	73 0b fc    	mov.w:g r0,-4[fb]
    8f8b:	73 4b fe    	mov.w:g a0,-2[fb]
    8f8e:	d9 0b fa    	mov.w:q #0,-6[fb]
    8f91:	d9 0b f8    	mov.w:q #0,-8[fb]
    8f94:	fc 28 8f 00 	jmp.a 8f28 <_udivmodsi4+0x68>
    8f98:	c1 34       	cmp.w:g r3,a0
    8f9a:	6e 09       	jne 8fa4 <_udivmodsi4+0xe4>
    8f9c:	c1 1b f6    	cmp.w:g r1,-10[fb]
    8f9f:	6d 04       	jleu 8fa4 <_udivmodsi4+0xe4>
    8fa1:	f4 37 ff    	jmp.w 8ed9 <_fixed_vectors_+0xffff8f01>
    8fa4:	d9 02       	mov.w:q #0,r2
    8fa6:	d9 10       	mov.w:q #1,r0
    8fa8:	73 b5 f6    	mov.w:g -10[fb],a1
    8fab:	73 5b fc    	mov.w:g a1,-4[fb]
    8fae:	73 4b fe    	mov.w:g a0,-2[fb]
    8fb1:	d9 0b fa    	mov.w:q #0,-6[fb]
    8fb4:	d9 0b f8    	mov.w:q #0,-8[fb]
    8fb7:	fc 10 8f 00 	jmp.a 8f10 <_udivmodsi4+0x50>

00008fbb <___divsi3>:
    8fbb:	7c f2 14    	enter #0x14
    8fbe:	73 b4 07    	mov.w:g 7[fb],a0
    8fc1:	73 4b fa    	mov.w:g a0,-6[fb]
    8fc4:	73 b4 05    	mov.w:g 5[fb],a0
    8fc7:	73 4b f8    	mov.w:g a0,-8[fb]
    8fca:	73 b4 0b    	mov.w:g 11[fb],a0
    8fcd:	73 4b f2    	mov.w:g a0,-14[fb]
    8fd0:	73 b4 09    	mov.w:g 9[fb],a0
    8fd3:	73 4b f0    	mov.w:g a0,-16[fb]
    8fd6:	d1 0b fa    	cmp.w:q #0,-6[fb]
    8fd9:	7d ce 04    	jlt 8fdf <___divsi3+0x24>
    8fdc:	f4 e3 00    	jmp.w 90c0 <___divsi3+0x105>
    8fdf:	75 7b f8    	not.w:g -8[fb]
    8fe2:	75 7b fa    	not.w:g -6[fb]
    8fe5:	c9 1b f8    	add.w:q #1,-8[fb]
    8fe8:	77 eb fa    	adcf.w -6[fb]
    8feb:	d9 15       	mov.w:q #1,a1
    8fed:	d1 0b f2    	cmp.w:q #0,-14[fb]
    8ff0:	7d ce 04    	jlt 8ff6 <___divsi3+0x3b>
    8ff3:	f4 ae 00    	jmp.w 90a2 <___divsi3+0xe7>
    8ff6:	77 15 01 00 	xor.w:g #1,a1
    8ffa:	73 b2 f2    	mov.w:g -14[fb],r2
    8ffd:	73 b0 f0    	mov.w:g -16[fb],r0
    9000:	75 70       	not.w:g r0
    9002:	75 72       	not.w:g r2
    9004:	c9 10       	add.w:q #1,r0
    9006:	77 e2       	adcf.w r2
    9008:	73 b4 fa    	mov.w:g -6[fb],a0
    900b:	73 4b fe    	mov.w:g a0,-2[fb]
    900e:	73 b4 f8    	mov.w:g -8[fb],a0
    9011:	73 4b fc    	mov.w:g a0,-4[fb]
    9014:	c1 2b fa    	cmp.w:g r2,-6[fb]
    9017:	69 04       	jgtu 901c <___divsi3+0x61>
    9019:	f4 ce 00    	jmp.w 90e8 <___divsi3+0x12d>
    901c:	75 c4 20 00 	mov.w:g #32,a0
    9020:	d9 03       	mov.w:q #0,r3
    9022:	d9 11       	mov.w:q #1,r1
    9024:	eb a0       	sha.l #1,r2r0
    9026:	eb b0       	sha.l #1,r3r1
    9028:	c1 2b fa    	cmp.w:g r2,-6[fb]
    902b:	69 04       	jgtu 9030 <___divsi3+0x75>
    902d:	f4 98 00    	jmp.w 90c6 <___divsi3+0x10b>
    9030:	77 54 01 00 	sub.w:g #1,a0
    9034:	d1 04       	cmp.w:q #0,a0
    9036:	6e 04       	jne 903b <___divsi3+0x80>
    9038:	f4 a5 00    	jmp.w 90de <___divsi3+0x123>
    903b:	d1 02       	cmp.w:q #0,r2
    903d:	7d ca e5    	jge 9024 <___divsi3+0x69>
    9040:	d9 0b f6    	mov.w:q #0,-10[fb]
    9043:	d9 0b f4    	mov.w:q #0,-12[fb]
    9046:	c1 b2 fe    	cmp.w:g -2[fb],r2
    9049:	69 08       	jgtu 9052 <___divsi3+0x97>
    904b:	6e 3a       	jne 9086 <___divsi3+0xcb>
    904d:	c1 b0 fc    	cmp.w:g -4[fb],r0
    9050:	6d 35       	jleu 9086 <___divsi3+0xcb>
    9052:	eb 98       	shl.l #-1,r3r1
    9054:	eb 88       	shl.l #-1,r2r0
    9056:	73 14       	mov.w:g r1,a0
    9058:	99 34       	or.w:g r3,a0
    905a:	d1 04       	cmp.w:q #0,a0
    905c:	6e e9       	jne 9046 <___divsi3+0x8b>
    905e:	73 b0 f6    	mov.w:g -10[fb],r0
    9061:	73 0b ee    	mov.w:g r0,-18[fb]
    9064:	73 b4 f4    	mov.w:g -12[fb],a0
    9067:	73 4b ec    	mov.w:g a0,-20[fb]
    906a:	d1 05       	cmp.w:q #0,a1
    906c:	6a 0d       	jeq 907a <___divsi3+0xbf>
    906e:	75 7b ec    	not.w:g -20[fb]
    9071:	75 7b ee    	not.w:g -18[fb]
    9074:	c9 1b ec    	add.w:q #1,-20[fb]
    9077:	77 eb ee    	adcf.w -18[fb]
    907a:	73 bf ee 0c 	mov.w:g -18[fb],0x40c
    907e:	04 
    907f:	73 bf ec 0a 	mov.w:g -20[fb],0x40a
    9083:	04 
    9084:	7d f2       	exitd
    9086:	a9 0b fc    	sub.w:g r0,-4[fb]
    9089:	b9 2b fe    	sbb.w r2,-2[fb]
    908c:	99 1b f4    	or.w:g r1,-12[fb]
    908f:	99 3b f6    	or.w:g r3,-10[fb]
    9092:	eb 98       	shl.l #-1,r3r1
    9094:	eb 88       	shl.l #-1,r2r0
    9096:	73 14       	mov.w:g r1,a0
    9098:	99 34       	or.w:g r3,a0
    909a:	d1 04       	cmp.w:q #0,a0
    909c:	6e a9       	jne 9046 <___divsi3+0x8b>
    909e:	fc 5e 90 00 	jmp.a 905e <___divsi3+0xa3>
    90a2:	73 b2 f2    	mov.w:g -14[fb],r2
    90a5:	73 b0 f0    	mov.w:g -16[fb],r0
    90a8:	73 b4 fa    	mov.w:g -6[fb],a0
    90ab:	73 4b fe    	mov.w:g a0,-2[fb]
    90ae:	73 b4 f8    	mov.w:g -8[fb],a0
    90b1:	73 4b fc    	mov.w:g a0,-4[fb]
    90b4:	c1 2b fa    	cmp.w:g r2,-6[fb]
    90b7:	6d 04       	jleu 90bc <___divsi3+0x101>
    90b9:	f4 62 ff    	jmp.w 901c <_fixed_vectors_+0xffff9044>
    90bc:	fc e8 90 00 	jmp.a 90e8 <___divsi3+0x12d>
    90c0:	d9 05       	mov.w:q #0,a1
    90c2:	fc ed 8f 00 	jmp.a 8fed <___divsi3+0x32>
    90c6:	c1 2b fa    	cmp.w:g r2,-6[fb]
    90c9:	6e 09       	jne 90d3 <___divsi3+0x118>
    90cb:	c1 0b f8    	cmp.w:g r0,-8[fb]
    90ce:	6d 04       	jleu 90d3 <___divsi3+0x118>
    90d0:	f4 5f ff    	jmp.w 9030 <_fixed_vectors_+0xffff9058>
    90d3:	73 14       	mov.w:g r1,a0
    90d5:	99 34       	or.w:g r3,a0
    90d7:	d1 04       	cmp.w:q #0,a0
    90d9:	6a 04       	jeq 90de <___divsi3+0x123>
    90db:	f4 64 ff    	jmp.w 9040 <_fixed_vectors_+0xffff9068>
    90de:	d9 0b ee    	mov.w:q #0,-18[fb]
    90e1:	d9 0b ec    	mov.w:q #0,-20[fb]
    90e4:	fc 6a 90 00 	jmp.a 906a <___divsi3+0xaf>
    90e8:	c1 2b fa    	cmp.w:g r2,-6[fb]
    90eb:	6e 08       	jne 90f4 <___divsi3+0x139>
    90ed:	c1 04       	cmp.w:g r0,a0
    90ef:	6d 04       	jleu 90f4 <___divsi3+0x139>
    90f1:	f4 2a ff    	jmp.w 901c <_fixed_vectors_+0xffff9044>
    90f4:	d9 03       	mov.w:q #0,r3
    90f6:	d9 11       	mov.w:q #1,r1
    90f8:	d9 0b f6    	mov.w:q #0,-10[fb]
    90fb:	d9 0b f4    	mov.w:q #0,-12[fb]
    90fe:	fc 46 90 00 	jmp.a 9046 <___divsi3+0x8b>

00009102 <___modsi3>:
    9102:	7c f2 12    	enter #0x12
    9105:	73 b4 07    	mov.w:g 7[fb],a0
    9108:	73 4b fa    	mov.w:g a0,-6[fb]
    910b:	73 bf 05 0a 	mov.w:g 5[fb],0x40a
    910f:	04 
    9110:	73 fb 0a 04 	mov.w:g 0x40a,-8[fb]
    9114:	f8 
    9115:	73 b4 0b    	mov.w:g 11[fb],a0
    9118:	73 4b ee    	mov.w:g a0,-18[fb]
    911b:	73 b4 09    	mov.w:g 9[fb],a0
    911e:	d1 0b fa    	cmp.w:q #0,-6[fb]
    9121:	7d ce 04    	jlt 9127 <___modsi3+0x25>
    9124:	f4 af 00    	jmp.w 91d4 <___modsi3+0xd2>
    9127:	75 7b f8    	not.w:g -8[fb]
    912a:	75 7b fa    	not.w:g -6[fb]
    912d:	c9 1b f8    	add.w:q #1,-8[fb]
    9130:	77 eb fa    	adcf.w -6[fb]
    9133:	d9 15       	mov.w:q #1,a1
    9135:	73 bf ee 0a 	mov.w:g -18[fb],0x40a
    9139:	04 
    913a:	73 fb 0a 04 	mov.w:g 0x40a,-10[fb]
    913e:	f6 
    913f:	73 4b f4    	mov.w:g a0,-12[fb]
    9142:	d1 0b f6    	cmp.w:q #0,-10[fb]
    9145:	7d ca 04    	jge 914b <___modsi3+0x49>
    9148:	f4 bd 00    	jmp.w 9206 <___modsi3+0x104>
    914b:	73 b2 f6    	mov.w:g -10[fb],r2
    914e:	73 b0 f4    	mov.w:g -12[fb],r0
    9151:	73 b4 fa    	mov.w:g -6[fb],a0
    9154:	73 4b fe    	mov.w:g a0,-2[fb]
    9157:	73 bf f8 0a 	mov.w:g -8[fb],0x40a
    915b:	04 
    915c:	73 fb 0a 04 	mov.w:g 0x40a,-4[fb]
    9160:	fc 
    9161:	c1 24       	cmp.w:g r2,a0
    9163:	69 04       	jgtu 9168 <___modsi3+0x66>
    9165:	f4 c9 00    	jmp.w 922f <___modsi3+0x12d>
    9168:	75 c4 20 00 	mov.w:g #32,a0
    916c:	d9 03       	mov.w:q #0,r3
    916e:	d9 11       	mov.w:q #1,r1
    9170:	eb a0       	sha.l #1,r2r0
    9172:	eb b0       	sha.l #1,r3r1
    9174:	c1 2b fa    	cmp.w:g r2,-6[fb]
    9177:	6d 78       	jleu 91f0 <___modsi3+0xee>
    9179:	77 54 01 00 	sub.w:g #1,a0
    917d:	d1 04       	cmp.w:q #0,a0
    917f:	6a 1e       	jeq 919e <___modsi3+0x9c>
    9181:	d1 02       	cmp.w:q #0,r2
    9183:	7d ca eb    	jge 9170 <___modsi3+0x6e>
    9186:	c1 b2 fe    	cmp.w:g -2[fb],r2
    9189:	69 08       	jgtu 9192 <___modsi3+0x90>
    918b:	6e 3a       	jne 91c6 <___modsi3+0xc4>
    918d:	c1 b0 fc    	cmp.w:g -4[fb],r0
    9190:	6d 35       	jleu 91c6 <___modsi3+0xc4>
    9192:	eb 98       	shl.l #-1,r3r1
    9194:	eb 88       	shl.l #-1,r2r0
    9196:	73 14       	mov.w:g r1,a0
    9198:	99 34       	or.w:g r3,a0
    919a:	d1 04       	cmp.w:q #0,a0
    919c:	6e e9       	jne 9186 <___modsi3+0x84>
    919e:	73 b0 fe    	mov.w:g -2[fb],r0
    91a1:	73 0b f2    	mov.w:g r0,-14[fb]
    91a4:	73 b4 fc    	mov.w:g -4[fb],a0
    91a7:	73 4b f0    	mov.w:g a0,-16[fb]
    91aa:	d1 05       	cmp.w:q #0,a1
    91ac:	6a 0d       	jeq 91ba <___modsi3+0xb8>
    91ae:	75 7b f0    	not.w:g -16[fb]
    91b1:	75 7b f2    	not.w:g -14[fb]
    91b4:	c9 1b f0    	add.w:q #1,-16[fb]
    91b7:	77 eb f2    	adcf.w -14[fb]
    91ba:	73 bf f2 0c 	mov.w:g -14[fb],0x40c
    91be:	04 
    91bf:	73 bf f0 0a 	mov.w:g -16[fb],0x40a
    91c3:	04 
    91c4:	7d f2       	exitd
    91c6:	a9 0b fc    	sub.w:g r0,-4[fb]
    91c9:	b9 2b fe    	sbb.w r2,-2[fb]
    91cc:	eb 98       	shl.l #-1,r3r1
    91ce:	eb 88       	shl.l #-1,r2r0
    91d0:	fc 96 91 00 	jmp.a 9196 <___modsi3+0x94>
    91d4:	d9 05       	mov.w:q #0,a1
    91d6:	73 bf ee 0a 	mov.w:g -18[fb],0x40a
    91da:	04 
    91db:	73 fb 0a 04 	mov.w:g 0x40a,-10[fb]
    91df:	f6 
    91e0:	73 4b f4    	mov.w:g a0,-12[fb]
    91e3:	d1 0b f6    	cmp.w:q #0,-10[fb]
    91e6:	7d ce 04    	jlt 91ec <___modsi3+0xea>
    91e9:	f4 61 ff    	jmp.w 914b <_fixed_vectors_+0xffff9173>
    91ec:	fc 06 92 00 	jmp.a 9206 <___modsi3+0x104>
    91f0:	c1 2b fa    	cmp.w:g r2,-6[fb]
    91f3:	6e a2       	jne 9196 <___modsi3+0x94>
    91f5:	c1 0b f8    	cmp.w:g r0,-8[fb]
    91f8:	69 80       	jgtu 9179 <___modsi3+0x77>
    91fa:	73 14       	mov.w:g r1,a0
    91fc:	99 34       	or.w:g r3,a0
    91fe:	d1 04       	cmp.w:q #0,a0
    9200:	6e 85       	jne 9186 <___modsi3+0x84>
    9202:	fc 9e 91 00 	jmp.a 919e <___modsi3+0x9c>
    9206:	75 7b f4    	not.w:g -12[fb]
    9209:	75 7b f6    	not.w:g -10[fb]
    920c:	c9 1b f4    	add.w:q #1,-12[fb]
    920f:	77 eb f6    	adcf.w -10[fb]
    9212:	73 b2 f6    	mov.w:g -10[fb],r2
    9215:	73 b0 f4    	mov.w:g -12[fb],r0
    9218:	73 b4 fa    	mov.w:g -6[fb],a0
    921b:	73 4b fe    	mov.w:g a0,-2[fb]
    921e:	73 bf f8 0a 	mov.w:g -8[fb],0x40a
    9222:	04 
    9223:	73 fb 0a 04 	mov.w:g 0x40a,-4[fb]
    9227:	fc 
    9228:	c1 24       	cmp.w:g r2,a0
    922a:	6d 04       	jleu 922f <___modsi3+0x12d>
    922c:	f4 3b ff    	jmp.w 9168 <_fixed_vectors_+0xffff9190>
    922f:	c1 24       	cmp.w:g r2,a0
    9231:	6e 09       	jne 923b <___modsi3+0x139>
    9233:	c1 0b f8    	cmp.w:g r0,-8[fb]
    9236:	6d 04       	jleu 923b <___modsi3+0x139>
    9238:	f4 2f ff    	jmp.w 9168 <_fixed_vectors_+0xffff9190>
    923b:	d9 03       	mov.w:q #0,r3
    923d:	d9 11       	mov.w:q #1,r1
    923f:	fc 86 91 00 	jmp.a 9186 <___modsi3+0x84>

00009243 <___ffshi2>:
    9243:	7c f2 01    	enter #0x1
    9246:	d1 01       	cmp.w:q #0,r1
    9248:	6a 4e       	jeq 9297 <___ffshi2+0x54>
    924a:	73 12       	mov.w:g r1,r2
    924c:	75 52       	neg.w r2
    924e:	91 12       	and.w:g r1,r2
    9250:	77 82 ff 00 	cmp.w:g #255,r2
    9254:	69 22       	jgtu 9277 <___ffshi2+0x34>
    9256:	77 82 0f 00 	cmp.w:g #15,r2
    925a:	7e 20 00 01 	bmgtu 0x0,r0
    925e:	94 01       	and.b:s #1,r0l
    9260:	b3          	mov.b:z #0,r0h
    9261:	f1 10       	sha.w:q #2,r0
    9263:	72 02       	mov.b:g r0l,r1l
    9265:	74 52       	neg.b r1l
    9267:	72 23       	mov.b:g r1l,r1h
    9269:	75 e2       	shl.w r1h,r2
    926b:	73 24       	mov.w:g r2,a0
    926d:	72 c2 4d 96 	mov.b:g 0x964d[a0],r1l
    9271:	d8 03       	mov.b:q #0,r1h
    9273:	a1 10       	add.w:g r1,r0
    9275:	7d f2       	exitd
    9277:	77 82 ff 0f 	cmp.w:g #4095,r2
    927b:	69 1f       	jgtu 929b <___ffshi2+0x58>
    927d:	75 c0 08 00 	mov.w:g #8,r0
    9281:	72 02       	mov.b:g r0l,r1l
    9283:	74 52       	neg.b r1l
    9285:	72 23       	mov.b:g r1l,r1h
    9287:	75 e2       	shl.w r1h,r2
    9289:	73 24       	mov.w:g r2,a0
    928b:	72 c2 4d 96 	mov.b:g 0x964d[a0],r1l
    928f:	d8 03       	mov.b:q #0,r1h
    9291:	a1 10       	add.w:g r1,r0
    9293:	fc 75 92 00 	jmp.a 9275 <___ffshi2+0x32>
    9297:	73 10       	mov.w:g r1,r0
    9299:	7d f2       	exitd
    929b:	75 c0 0c 00 	mov.w:g #12,r0
    929f:	72 02       	mov.b:g r0l,r1l
    92a1:	74 52       	neg.b r1l
    92a3:	72 23       	mov.b:g r1l,r1h
    92a5:	75 e2       	shl.w r1h,r2
    92a7:	73 24       	mov.w:g r2,a0
    92a9:	72 c2 4d 96 	mov.b:g 0x964d[a0],r1l
    92ad:	d8 03       	mov.b:q #0,r1h
    92af:	a1 10       	add.w:g r1,r0
    92b1:	fc 75 92 00 	jmp.a 9275 <___ffshi2+0x32>

000092b5 <___clzhi2>:
    92b5:	73 13       	mov.w:g r1,r3
    92b7:	77 81 ff 00 	cmp.w:g #255,r1
    92bb:	69 1f       	jgtu 92db <___clzhi2+0x26>
    92bd:	77 81 0f 00 	cmp.w:g #15,r1
    92c1:	69 37       	jgtu 92f9 <___clzhi2+0x44>
    92c3:	75 c2 10 00 	mov.w:g #16,r2
    92c7:	d9 00       	mov.w:q #0,r0
    92c9:	74 50       	neg.b r0l
    92cb:	72 03       	mov.b:g r0l,r1h
    92cd:	75 e3       	shl.w r1h,r3
    92cf:	73 34       	mov.w:g r3,a0
    92d1:	72 c0 4d 96 	mov.b:g 0x964d[a0],r0l
    92d5:	b3          	mov.b:z #0,r0h
    92d6:	a9 02       	sub.w:g r0,r2
    92d8:	73 20       	mov.w:g r2,r0
    92da:	f3          	rts
    92db:	77 81 ff 0f 	cmp.w:g #4095,r1
    92df:	6d 31       	jleu 9311 <___clzhi2+0x5c>
    92e1:	d9 42       	mov.w:q #4,r2
    92e3:	75 c0 0c 00 	mov.w:g #12,r0
    92e7:	74 50       	neg.b r0l
    92e9:	72 03       	mov.b:g r0l,r1h
    92eb:	75 e3       	shl.w r1h,r3
    92ed:	73 34       	mov.w:g r3,a0
    92ef:	72 c0 4d 96 	mov.b:g 0x964d[a0],r0l
    92f3:	b3          	mov.b:z #0,r0h
    92f4:	a9 02       	sub.w:g r0,r2
    92f6:	73 20       	mov.w:g r2,r0
    92f8:	f3          	rts
    92f9:	75 c2 0c 00 	mov.w:g #12,r2
    92fd:	d9 40       	mov.w:q #4,r0
    92ff:	74 50       	neg.b r0l
    9301:	72 03       	mov.b:g r0l,r1h
    9303:	75 e3       	shl.w r1h,r3
    9305:	73 34       	mov.w:g r3,a0
    9307:	72 c0 4d 96 	mov.b:g 0x964d[a0],r0l
    930b:	b3          	mov.b:z #0,r0h
    930c:	a9 02       	sub.w:g r0,r2
    930e:	73 20       	mov.w:g r2,r0
    9310:	f3          	rts
    9311:	75 c2 08 00 	mov.w:g #8,r2
    9315:	73 20       	mov.w:g r2,r0
    9317:	74 50       	neg.b r0l
    9319:	72 03       	mov.b:g r0l,r1h
    931b:	75 e3       	shl.w r1h,r3
    931d:	73 34       	mov.w:g r3,a0
    931f:	72 c0 4d 96 	mov.b:g 0x964d[a0],r0l
    9323:	b3          	mov.b:z #0,r0h
    9324:	a9 02       	sub.w:g r0,r2
    9326:	73 20 f3 73 	*unknown*

00009329 <___ctzhi2>:
    9329:	73 10       	mov.w:g r1,r0
    932b:	75 50       	neg.w r0
    932d:	73 13       	mov.w:g r1,r3
    932f:	91 03       	and.w:g r0,r3
    9331:	77 83 ff 00 	cmp.w:g #255,r3
    9335:	69 1b       	jgtu 9351 <___ctzhi2+0x28>
    9337:	77 83 0f 00 	cmp.w:g #15,r3
    933b:	69 33       	jgtu 936f <___ctzhi2+0x46>
    933d:	d9 f2       	mov.w:q #-1,r2
    933f:	d9 00       	mov.w:q #0,r0
    9341:	74 50       	neg.b r0l
    9343:	72 03       	mov.b:g r0l,r1h
    9345:	75 e3       	shl.w r1h,r3
    9347:	73 34       	mov.w:g r3,a0
    9349:	72 c0 4d 96 	mov.b:g 0x964d[a0],r0l
    934d:	b3          	mov.b:z #0,r0h
    934e:	a1 20       	add.w:g r2,r0
    9350:	f3          	rts
    9351:	77 83 ff 0f 	cmp.w:g #4095,r3
    9355:	6d 2d       	jleu 9383 <___ctzhi2+0x5a>
    9357:	75 c2 0b 00 	mov.w:g #11,r2
    935b:	75 c0 0c 00 	mov.w:g #12,r0
    935f:	74 50       	neg.b r0l
    9361:	72 03       	mov.b:g r0l,r1h
    9363:	75 e3       	shl.w r1h,r3
    9365:	73 34       	mov.w:g r3,a0
    9367:	72 c0 4d 96 	mov.b:g 0x964d[a0],r0l
    936b:	b3          	mov.b:z #0,r0h
    936c:	a1 20       	add.w:g r2,r0
    936e:	f3          	rts
    936f:	d9 32       	mov.w:q #3,r2
    9371:	d9 40       	mov.w:q #4,r0
    9373:	74 50       	neg.b r0l
    9375:	72 03       	mov.b:g r0l,r1h
    9377:	75 e3       	shl.w r1h,r3
    9379:	73 34       	mov.w:g r3,a0
    937b:	72 c0 4d 96 	mov.b:g 0x964d[a0],r0l
    937f:	b3          	mov.b:z #0,r0h
    9380:	a1 20       	add.w:g r2,r0
    9382:	f3          	rts
    9383:	d9 72       	mov.w:q #7,r2
    9385:	75 c0 08 00 	mov.w:g #8,r0
    9389:	74 50       	neg.b r0l
    938b:	72 03       	mov.b:g r0l,r1h
    938d:	75 e3       	shl.w r1h,r3
    938f:	73 34       	mov.w:g r3,a0
    9391:	72 c0 4d 96 	mov.b:g 0x964d[a0],r0l
    9395:	b3          	mov.b:z #0,r0h
    9396:	a1 20 f3 75 	*unknown*

00009399 <___popcounthi2>:
    9399:	75 c2 4d 97 	mov.w:g #-26803,r2
    939d:	73 14       	mov.w:g r1,a0
    939f:	77 24 ff 00 	and.w:g #255,a0
    93a3:	a1 24       	add.w:g r2,a0
    93a5:	72 60       	mov.b:g [a0],r0l
    93a7:	b3          	mov.b:z #0,r0h
    93a8:	e9 f1       	shl.w:q #-8,r1
    93aa:	a1 12       	add.w:g r1,r2
    93ac:	73 24       	mov.w:g r2,a0
    93ae:	72 62       	mov.b:g [a0],r1l
    93b0:	d8 03       	mov.b:q #0,r1h
    93b2:	a1 10 f3 7c 	*unknown*

000093b5 <___parityhi2>:
    93b5:	7c f2 01    	enter #0x1
    93b8:	73 10       	mov.w:g r1,r0
    93ba:	e9 f0       	shl.w:q #-8,r0
    93bc:	89 01       	xor.w:g r0,r1
    93be:	73 10       	mov.w:g r1,r0
    93c0:	e9 b0       	shl.w:q #-4,r0
    93c2:	89 01       	xor.w:g r0,r1
    93c4:	77 21 0f 00 	and.w:g #15,r1
    93c8:	74 52       	neg.b r1l
    93ca:	75 c0 96 69 	mov.w:g #27030,r0
    93ce:	72 23       	mov.b:g r1l,r1h
    93d0:	75 f0       	sha.w r1h,r0
    93d2:	77 20 01 00 	and.w:g #1,r0
    93d6:	7d f2 7c f2 	*unknown*

000093d8 <___udivsi3>:
    93d8:	7c f2 08    	enter #0x8
    93db:	73 b0 07    	mov.w:g 7[fb],r0
    93de:	73 0b fe    	mov.w:g r0,-2[fb]
    93e1:	73 b0 05    	mov.w:g 5[fb],r0
    93e4:	73 0b fc    	mov.w:g r0,-4[fb]
    93e7:	73 b2 0b    	mov.w:g 11[fb],r2
    93ea:	73 b0 09    	mov.w:g 9[fb],r0
    93ed:	c1 2b fe    	cmp.w:g r2,-2[fb]
    93f0:	69 04       	jgtu 93f5 <___udivsi3+0x1d>
    93f2:	f4 a4 00    	jmp.w 9497 <___udivsi3+0xbf>
    93f5:	d1 02       	cmp.w:q #0,r2
    93f7:	7d ca 04    	jge 93fd <___udivsi3+0x25>
    93fa:	f4 a9 00    	jmp.w 94a4 <___udivsi3+0xcc>
    93fd:	75 c4 20 00 	mov.w:g #32,a0
    9401:	d9 03       	mov.w:q #0,r3
    9403:	d9 11       	mov.w:q #1,r1
    9405:	eb a0       	sha.l #1,r2r0
    9407:	eb b0       	sha.l #1,r3r1
    9409:	c1 2b fe    	cmp.w:g r2,-2[fb]
    940c:	6d 54       	jleu 9461 <___udivsi3+0x89>
    940e:	77 54 01 00 	sub.w:g #1,a0
    9412:	d1 04       	cmp.w:q #0,a0
    9414:	6a 70       	jeq 9485 <___udivsi3+0xad>
    9416:	d1 02       	cmp.w:q #0,r2
    9418:	7d ca eb    	jge 9405 <___udivsi3+0x2d>
    941b:	d9 0b fa    	mov.w:q #0,-6[fb]
    941e:	d9 0b f8    	mov.w:q #0,-8[fb]
    9421:	c1 b2 fe    	cmp.w:g -2[fb],r2
    9424:	69 08       	jgtu 942d <___udivsi3+0x55>
    9426:	6e 1e       	jne 9445 <___udivsi3+0x6d>
    9428:	c1 b0 fc    	cmp.w:g -4[fb],r0
    942b:	6d 19       	jleu 9445 <___udivsi3+0x6d>
    942d:	eb 98       	shl.l #-1,r3r1
    942f:	eb 88       	shl.l #-1,r2r0
    9431:	73 14       	mov.w:g r1,a0
    9433:	99 34       	or.w:g r3,a0
    9435:	d1 04       	cmp.w:q #0,a0
    9437:	6e e9       	jne 9421 <___udivsi3+0x49>
    9439:	73 bf fa 0c 	mov.w:g -6[fb],0x40c
    943d:	04 
    943e:	73 bf f8 0a 	mov.w:g -8[fb],0x40a
    9442:	04 
    9443:	7d f2       	exitd
    9445:	a9 0b fc    	sub.w:g r0,-4[fb]
    9448:	b9 2b fe    	sbb.w r2,-2[fb]
    944b:	99 1b f8    	or.w:g r1,-8[fb]
    944e:	99 3b fa    	or.w:g r3,-6[fb]
    9451:	eb 98       	shl.l #-1,r3r1
    9453:	eb 88       	shl.l #-1,r2r0
    9455:	73 14       	mov.w:g r1,a0
    9457:	99 34       	or.w:g r3,a0
    9459:	d1 04       	cmp.w:q #0,a0
    945b:	6e c5       	jne 9421 <___udivsi3+0x49>
    945d:	fc 39 94 00 	jmp.a 9439 <___udivsi3+0x61>
    9461:	c1 2b fe    	cmp.w:g r2,-2[fb]
    9464:	6e 06       	jne 946b <___udivsi3+0x93>
    9466:	c1 0b fc    	cmp.w:g r0,-4[fb]
    9469:	69 a4       	jgtu 940e <___udivsi3+0x36>
    946b:	73 14       	mov.w:g r1,a0
    946d:	99 34       	or.w:g r3,a0
    946f:	d1 04       	cmp.w:q #0,a0
    9471:	6e a9       	jne 941b <___udivsi3+0x43>
    9473:	73 3b fa    	mov.w:g r3,-6[fb]
    9476:	73 1b f8    	mov.w:g r1,-8[fb]
    9479:	73 bf fa 0c 	mov.w:g -6[fb],0x40c
    947d:	04 
    947e:	73 bf f8 0a 	mov.w:g -8[fb],0x40a
    9482:	04 
    9483:	7d f2       	exitd
    9485:	d9 0b fa    	mov.w:q #0,-6[fb]
    9488:	d9 0b f8    	mov.w:q #0,-8[fb]
    948b:	73 bf fa 0c 	mov.w:g -6[fb],0x40c
    948f:	04 
    9490:	73 bf f8 0a 	mov.w:g -8[fb],0x40a
    9494:	04 
    9495:	7d f2       	exitd
    9497:	c1 2b fe    	cmp.w:g r2,-2[fb]
    949a:	6e 09       	jne 94a4 <___udivsi3+0xcc>
    949c:	c1 0b fc    	cmp.w:g r0,-4[fb]
    949f:	6d 04       	jleu 94a4 <___udivsi3+0xcc>
    94a1:	f4 53 ff    	jmp.w 93f5 <_fixed_vectors_+0xffff941d>
    94a4:	d9 03       	mov.w:q #0,r3
    94a6:	d9 11       	mov.w:q #1,r1
    94a8:	d9 0b fa    	mov.w:q #0,-6[fb]
    94ab:	d9 0b f8    	mov.w:q #0,-8[fb]
    94ae:	fc 21 94 00 	jmp.a 9421 <___udivsi3+0x49>

000094b2 <___umodsi3>:
    94b2:	7c f2 06    	enter #0x6
    94b5:	73 b1 05    	mov.w:g 5[fb],r1
    94b8:	73 1b fa    	mov.w:g r1,-6[fb]
    94bb:	73 b4 07    	mov.w:g 7[fb],a0
    94be:	73 b3 0b    	mov.w:g 11[fb],r3
    94c1:	73 b1 09    	mov.w:g 9[fb],r1
    94c4:	c1 34       	cmp.w:g r3,a0
    94c6:	69 04       	jgtu 94cb <___umodsi3+0x19>
    94c8:	f4 a5 00    	jmp.w 956e <___umodsi3+0xbc>
    94cb:	d1 03       	cmp.w:q #0,r3
    94cd:	7d ca 04    	jge 94d3 <___umodsi3+0x21>
    94d0:	f4 a9 00    	jmp.w 957a <___umodsi3+0xc8>
    94d3:	75 c5 20 00 	mov.w:g #32,a1
    94d7:	d9 02       	mov.w:q #0,r2
    94d9:	d9 10       	mov.w:q #1,r0
    94db:	eb b0       	sha.l #1,r3r1
    94dd:	eb a0       	sha.l #1,r2r0
    94df:	c1 34       	cmp.w:g r3,a0
    94e1:	6d 51       	jleu 9533 <___umodsi3+0x81>
    94e3:	77 55 01 00 	sub.w:g #1,a1
    94e7:	d1 05       	cmp.w:q #0,a1
    94e9:	6a 6f       	jeq 9559 <___umodsi3+0xa7>
    94eb:	d1 03       	cmp.w:q #0,r3
    94ed:	7d ca ec    	jge 94db <___umodsi3+0x29>
    94f0:	73 b5 fa    	mov.w:g -6[fb],a1
    94f3:	73 5b fc    	mov.w:g a1,-4[fb]
    94f6:	73 4b fe    	mov.w:g a0,-2[fb]
    94f9:	c1 b3 fe    	cmp.w:g -2[fb],r3
    94fc:	69 08       	jgtu 9505 <___umodsi3+0x53>
    94fe:	6e 1e       	jne 951d <___umodsi3+0x6b>
    9500:	c1 b1 fc    	cmp.w:g -4[fb],r1
    9503:	6d 19       	jleu 951d <___umodsi3+0x6b>
    9505:	eb 88       	shl.l #-1,r2r0
    9507:	eb 98       	shl.l #-1,r3r1
    9509:	73 04       	mov.w:g r0,a0
    950b:	99 24       	or.w:g r2,a0
    950d:	d1 04       	cmp.w:q #0,a0
    950f:	6e e9       	jne 94f9 <___umodsi3+0x47>
    9511:	73 bf fe 0c 	mov.w:g -2[fb],0x40c
    9515:	04 
    9516:	73 bf fc 0a 	mov.w:g -4[fb],0x40a
    951a:	04 
    951b:	7d f2       	exitd
    951d:	a9 1b fc    	sub.w:g r1,-4[fb]
    9520:	b9 3b fe    	sbb.w r3,-2[fb]
    9523:	eb 88       	shl.l #-1,r2r0
    9525:	eb 98       	shl.l #-1,r3r1
    9527:	73 04       	mov.w:g r0,a0
    9529:	99 24       	or.w:g r2,a0
    952b:	d1 04       	cmp.w:q #0,a0
    952d:	6e cb       	jne 94f9 <___umodsi3+0x47>
    952f:	fc 11 95 00 	jmp.a 9511 <___umodsi3+0x5f>
    9533:	c1 34       	cmp.w:g r3,a0
    9535:	6e 06       	jne 953c <___umodsi3+0x8a>
    9537:	c1 1b fa    	cmp.w:g r1,-6[fb]
    953a:	69 a8       	jgtu 94e3 <___umodsi3+0x31>
    953c:	73 05       	mov.w:g r0,a1
    953e:	99 25       	or.w:g r2,a1
    9540:	d1 05       	cmp.w:q #0,a1
    9542:	6e ad       	jne 94f0 <___umodsi3+0x3e>
    9544:	73 b1 fa    	mov.w:g -6[fb],r1
    9547:	73 1b fc    	mov.w:g r1,-4[fb]
    954a:	73 4b fe    	mov.w:g a0,-2[fb]
    954d:	73 bf fe 0c 	mov.w:g -2[fb],0x40c
    9551:	04 
    9552:	73 bf fc 0a 	mov.w:g -4[fb],0x40a
    9556:	04 
    9557:	7d f2       	exitd
    9559:	73 b0 fa    	mov.w:g -6[fb],r0
    955c:	73 0b fc    	mov.w:g r0,-4[fb]
    955f:	73 4b fe    	mov.w:g a0,-2[fb]
    9562:	73 bf fe 0c 	mov.w:g -2[fb],0x40c
    9566:	04 
    9567:	73 bf fc 0a 	mov.w:g -4[fb],0x40a
    956b:	04 
    956c:	7d f2       	exitd
    956e:	c1 34       	cmp.w:g r3,a0
    9570:	6e 09       	jne 957a <___umodsi3+0xc8>
    9572:	c1 1b fa    	cmp.w:g r1,-6[fb]
    9575:	6d 04       	jleu 957a <___umodsi3+0xc8>
    9577:	f4 53 ff    	jmp.w 94cb <_fixed_vectors_+0xffff94f3>
    957a:	d9 02       	mov.w:q #0,r2
    957c:	d9 10       	mov.w:q #1,r0
    957e:	73 b5 fa    	mov.w:g -6[fb],a1
    9581:	73 5b fc    	mov.w:g a1,-4[fb]
    9584:	73 4b fe    	mov.w:g a0,-2[fb]
    9587:	fc f9 94 00 	jmp.a 94f9 <___umodsi3+0x47>

0000958b <___clrsbhi2>:
    958b:	d1 01       	cmp.w:q #0,r1
    958d:	7d ce 08    	jlt 9597 <___clrsbhi2+0xc>
    9590:	6e 0c       	jne 959d <___clrsbhi2+0x12>
    9592:	75 c0 0f 00 	mov.w:g #15,r0
    9596:	f3          	rts
    9597:	75 71       	not.w:g r1
    9599:	d1 01       	cmp.w:q #0,r1
    959b:	6a f6       	jeq 9592 <___clrsbhi2+0x7>
    959d:	fd b5 92 00 	jsr.a 92b5 <___clzhi2>
    95a1:	77 50 01 00 	sub.w:g #1,r0
    95a5:	f3          	rts

000095a6 <___errno>:
    95a6:	73 f0 07 03 	mov.w:g 0x307,r0
    95aa:	f3          	rts

000095ab <_strncmp>:
    95ab:	7c f2 00    	enter #0x0
    95ae:	73 14       	mov.w:g r1,a0
    95b0:	73 25       	mov.w:g r2,a1
    95b2:	73 b0 05    	mov.w:g 5[fb],r0
    95b5:	d1 00       	cmp.w:q #0,r0
    95b7:	6a 2a       	jeq 95e2 <_strncmp+0x37>
    95b9:	77 50 01 00 	sub.w:g #1,r0
    95bd:	72 72       	mov.b:g [a1],r1l
    95bf:	c0 62       	cmp.b:g [a0],r1l
    95c1:	6e 17       	jne 95d9 <_strncmp+0x2e>
    95c3:	d1 00       	cmp.w:q #0,r0
    95c5:	6a 13       	jeq 95d9 <_strncmp+0x2e>
    95c7:	d0 02       	cmp.b:q #0,r1l
    95c9:	6a 0f       	jeq 95d9 <_strncmp+0x2e>
    95cb:	c9 14       	add.w:q #1,a0
    95cd:	c9 15       	add.w:q #1,a1
    95cf:	77 50 01 00 	sub.w:g #1,r0
    95d3:	72 62       	mov.b:g [a0],r1l
    95d5:	c0 72       	cmp.b:g [a1],r1l
    95d7:	6a eb       	jeq 95c3 <_strncmp+0x18>
    95d9:	72 60       	mov.b:g [a0],r0l
    95db:	b3          	mov.b:z #0,r0h
    95dc:	72 72       	mov.b:g [a1],r1l
    95de:	d8 03       	mov.b:q #0,r1h
    95e0:	a9 10       	sub.w:g r1,r0
    95e2:	7d f2 00 00 	*unknown*

Disassembly of section .rodata:

000095e4 <__ZZNK6device6trj_ioIN5utils9null_taskEE9set_freq_EmRtRhE4tbl_-0x5e>:
    95e4:	53 74       	bnot:s 3,0x74[sb]
    95e6:	61          	jmp.s 95e9 <_strncmp+0x3e>
    95e7:	72 74       	mov.b:g [a1],a0
    95e9:	20          	add.b:s r0h,r0l
    95ea:	52 38       	bnot:s 2,0x38[sb]
    95ec:	43 20       	bclr:s 3,0x20[sb]
    95ee:	50 4c       	bnot:s 0,0x4c[sb]
    95f0:	55 53       	bnot:s 5,0x53[sb]
    95f2:	45 20       	bclr:s 5,0x20[sb]
    95f4:	6f 75       	jpz 966a <___clz_tab+0x1d>
    95f6:	74 70       	not.b:g r0l
    95f8:	75 74       	not.w:g a0
    95fa:	20          	add.b:s r0h,r0l
    95fb:	73 61       	mov.w:g [a0],r1
    95fd:	6d 70       	jleu 966e <___clz_tab+0x21>
    95ff:	6c 65       	jltu 9665 <___clz_tab+0x18>
    9601:	0a 00       	mov.b:s 0[fb],r0l
    9603:	23 20 00    	add.b:s 0x20,r0l
    9606:	68 65       	jgeu 966c <___clz_tab+0x1f>
    9608:	6c 70       	jltu 9679 <___clz_tab+0x2c>
    960a:	00          	brk
    960b:	66          	jmp.s 9613 <_strncmp+0x68>
    960c:	72 65       	mov.b:g [a0],a1
    960e:	71 20       	mulu.w:g r2,r0
    9610:	46 52       	bclr:s 6,0x52[sb]
    9612:	45 51       	bclr:s 5,0x51[sb]
    9614:	55 45       	bnot:s 5,0x45[sb]
    9616:	4e 43       	bset:s 6,0x43[sb]
    9618:	59 5b       	btst:s 1,0x5b[sb]
    961a:	48 7a       	bset:s 0,0x7a[sb]
    961c:	5d 0a       	btst:s 5,0xa[sb]
    961e:	00          	brk
    961f:	54 52       	bnot:s 4,0x52[sb]
    9621:	4a 20       	bset:s 2,0x20[sb]
    9623:	6f 75       	jpz 9699 <___clz_tab+0x4c>
    9625:	74 20       	ste.b r0l,[a1a0]
    9627:	6f 66       	jpz 968e <___clz_tab+0x41>
    9629:	20          	add.b:s r0h,r0l
    962a:	72 61       	mov.b:g [a0],r0h
    962c:	6e 67       	jne 9694 <___clz_tab+0x47>
    962e:	65          	jmp.s 9635 <_strncmp+0x8a>
    962f:	2e 0a       	sub.b:s 10[fb],r0h
    9631:	00          	brk
    9632:	43 6f       	bclr:s 3,0x6f[sb]
    9634:	6d 6d       	jleu 96a2 <___clz_tab+0x55>
    9636:	61          	jmp.s 9639 <_strncmp+0x8e>
    9637:	6e 64       	jne 969c <___clz_tab+0x4f>
    9639:	20          	add.b:s r0h,r0l
    963a:	65          	jmp.s 9641 <_strncmp+0x96>
    963b:	72 72       	mov.b:g [a1],r1l
    963d:	6f 72       	jpz 96b0 <___clz_tab+0x63>
    963f:	3a 20 00 00 	*unknown*

00009642 <__ZZNK6device6trj_ioIN5utils9null_taskEE9set_freq_EmRtRhE4tbl_>:
    9642:	00 03 01                                            ...

00009645 <__ZZN6device6trb_ioIN5utils9null_taskEhE5startEmhNS_8trb_base6OUTPUTEE3tbl>:
    9645:	00 03 04 01 05 06 07 00                             ........

0000964d <___clz_tab>:
    964d:	00 01 02 02 03 03 03 03 04 04 04 04 04 04 04 04     ................
    965d:	05 05 05 05 05 05 05 05 05 05 05 05 05 05 05 05     ................
    966d:	06 06 06 06 06 06 06 06 06 06 06 06 06 06 06 06     ................
    967d:	06 06 06 06 06 06 06 06 06 06 06 06 06 06 06 06     ................
    968d:	07 07 07 07 07 07 07 07 07 07 07 07 07 07 07 07     ................
    969d:	07 07 07 07 07 07 07 07 07 07 07 07 07 07 07 07     ................
    96ad:	07 07 07 07 07 07 07 07 07 07 07 07 07 07 07 07     ................
    96bd:	07 07 07 07 07 07 07 07 07 07 07 07 07 07 07 07     ................
    96cd:	08 08 08 08 08 08 08 08 08 08 08 08 08 08 08 08     ................
    96dd:	08 08 08 08 08 08 08 08 08 08 08 08 08 08 08 08     ................
    96ed:	08 08 08 08 08 08 08 08 08 08 08 08 08 08 08 08     ................
    96fd:	08 08 08 08 08 08 08 08 08 08 08 08 08 08 08 08     ................
    970d:	08 08 08 08 08 08 08 08 08 08 08 08 08 08 08 08     ................
    971d:	08 08 08 08 08 08 08 08 08 08 08 08 08 08 08 08     ................
    972d:	08 08 08 08 08 08 08 08 08 08 08 08 08 08 08 08     ................
    973d:	08 08 08 08 08 08 08 08 08 08 08 08 08 08 08 08     ................

0000974d <___popcount_tab>:
    974d:	00 01 01 02 01 02 02 03 01 02 02 03 02 03 03 04     ................
    975d:	01 02 02 03 02 03 03 04 02 03 03 04 03 04 04 05     ................
    976d:	01 02 02 03 02 03 03 04 02 03 03 04 03 04 04 05     ................
    977d:	02 03 03 04 03 04 04 05 03 04 04 05 04 05 05 06     ................
    978d:	01 02 02 03 02 03 03 04 02 03 03 04 03 04 04 05     ................
    979d:	02 03 03 04 03 04 04 05 03 04 04 05 04 05 05 06     ................
    97ad:	02 03 03 04 03 04 04 05 03 04 04 05 04 05 05 06     ................
    97bd:	03 04 04 05 04 05 05 06 04 05 05 06 05 06 06 07     ................
    97cd:	01 02 02 03 02 03 03 04 02 03 03 04 03 04 04 05     ................
    97dd:	02 03 03 04 03 04 04 05 03 04 04 05 04 05 05 06     ................
    97ed:	02 03 03 04 03 04 04 05 03 04 04 05 04 05 05 06     ................
    97fd:	03 04 04 05 04 05 05 06 04 05 05 06 05 06 06 07     ................
    980d:	02 03 03 04 03 04 04 05 03 04 04 05 04 05 05 06     ................
    981d:	03 04 04 05 04 05 05 06 04 05 05 06 05 06 06 07     ................
    982d:	03 04 04 05 04 05 05 06 04 05 05 06 05 06 06 07     ................
    983d:	04 05 05 06 05 06 06 07 05 06 06 07 06 07 07 08     ................

0000984d <__global_impure_ptr>:
    984d:	09 03 43 00 00                                      ..C..
